2013-12-07 15:02:24.897+0000 INFO  [o.n.k.i.DiagnosticsManager]: --- INITIALIZED diagnostics START ---
2013-12-07 15:02:24.903+0000 INFO  [o.n.k.i.DiagnosticsManager]: Neo4j Kernel properties:
2013-12-07 15:02:24.906+0000 INFO  [o.n.k.i.DiagnosticsManager]: neostore.propertystore.db.mapped_memory=1623M
2013-12-07 15:02:24.906+0000 INFO  [o.n.k.i.DiagnosticsManager]: neostore.nodestore.db.mapped_memory=450M
2013-12-07 15:02:24.906+0000 INFO  [o.n.k.i.DiagnosticsManager]: ha.pull_interval=500ms
2013-12-07 15:02:24.906+0000 INFO  [o.n.k.i.DiagnosticsManager]: identity_map=true
2013-12-07 15:02:24.906+0000 INFO  [o.n.k.i.DiagnosticsManager]: timestamps=true
2013-12-07 15:02:24.906+0000 INFO  [o.n.k.i.DiagnosticsManager]: ha.discovery.enabled=true
2013-12-07 15:02:24.906+0000 INFO  [o.n.k.i.DiagnosticsManager]: neostore.relationshipstore.db.mapped_memory=1988M
2013-12-07 15:02:24.906+0000 INFO  [o.n.k.i.DiagnosticsManager]: neostore.propertystore.db.strings.mapped_memory=1379M
2013-12-07 15:02:24.906+0000 INFO  [o.n.k.i.DiagnosticsManager]: store_dir=/home/pdipietro/myapp/db/ha_neo_1
2013-12-07 15:02:24.906+0000 INFO  [o.n.k.i.DiagnosticsManager]: online_backup_enabled=false
2013-12-07 15:02:24.907+0000 INFO  [o.n.k.i.DiagnosticsManager]: neostore.propertystore.db.arrays.mapped_memory=1563M
2013-12-07 15:02:24.907+0000 INFO  [o.n.k.i.DiagnosticsManager]: ha.initial_hosts=192.168.10.81:5001,192.168.10.81:5002,192.168.10.81:5003
2013-12-07 15:02:24.907+0000 INFO  [o.n.k.i.DiagnosticsManager]: ha.cluster_server=192.168.10.81:5001
2013-12-07 15:02:24.907+0000 INFO  [o.n.k.i.DiagnosticsManager]: migration_thread=false
2013-12-07 15:02:24.907+0000 INFO  [o.n.k.i.DiagnosticsManager]: enable_rules=true
2013-12-07 15:02:24.907+0000 INFO  [o.n.k.i.DiagnosticsManager]: ha.server_id=1
2013-12-07 15:02:24.907+0000 INFO  [o.n.k.i.DiagnosticsManager]: ha.server=192.168.10.81:6001
2013-12-07 15:02:24.907+0000 INFO  [o.n.k.i.DiagnosticsManager]: storage_path=/home/pdipietro/myapp/db/ha_neo_1
2013-12-07 15:02:24.907+0000 INFO  [o.n.k.i.DiagnosticsManager]: enable_ha=true
2013-12-07 15:02:24.907+0000 INFO  [o.n.k.i.DiagnosticsManager]: ephemeral=false
2013-12-07 15:02:24.909+0000 INFO  [o.n.k.i.DiagnosticsManager]: Diagnostics providers:
2013-12-07 15:02:24.910+0000 INFO  [o.n.k.i.DiagnosticsManager]: org.neo4j.kernel.configuration.Config
2013-12-07 15:02:24.910+0000 INFO  [o.n.k.i.DiagnosticsManager]: org.neo4j.kernel.info.DiagnosticsManager
2013-12-07 15:02:24.910+0000 INFO  [o.n.k.i.DiagnosticsManager]: SYSTEM_MEMORY
2013-12-07 15:02:24.910+0000 INFO  [o.n.k.i.DiagnosticsManager]: JAVA_MEMORY
2013-12-07 15:02:24.910+0000 INFO  [o.n.k.i.DiagnosticsManager]: OPERATING_SYSTEM
2013-12-07 15:02:24.910+0000 INFO  [o.n.k.i.DiagnosticsManager]: JAVA_VIRTUAL_MACHINE
2013-12-07 15:02:24.910+0000 INFO  [o.n.k.i.DiagnosticsManager]: CLASSPATH
2013-12-07 15:02:24.910+0000 INFO  [o.n.k.i.DiagnosticsManager]: LIBRARY_PATH
2013-12-07 15:02:24.910+0000 INFO  [o.n.k.i.DiagnosticsManager]: SYSTEM_PROPERTIES
2013-12-07 15:02:24.910+0000 INFO  [o.n.k.i.DiagnosticsManager]: LINUX_SCHEDULERS
2013-12-07 15:02:24.910+0000 INFO  [o.n.k.i.DiagnosticsManager]: NETWORK
2013-12-07 15:02:24.910+0000 INFO  [o.n.k.i.DiagnosticsManager]: NodeCache
2013-12-07 15:02:24.910+0000 INFO  [o.n.k.i.DiagnosticsManager]: RelationshipCache
2013-12-07 15:02:24.910+0000 INFO  [o.n.k.i.DiagnosticsManager]: HighAvailabilityDiagnostics
2013-12-07 15:02:24.911+0000 INFO  [o.n.k.i.DiagnosticsManager]: System memory information:
2013-12-07 15:02:24.914+0000 INFO  [o.n.k.i.DiagnosticsManager]: Total Physical memory: 15.67 GB
2013-12-07 15:02:24.914+0000 INFO  [o.n.k.i.DiagnosticsManager]: Free Physical memory: 13.59 GB
2013-12-07 15:02:24.915+0000 INFO  [o.n.k.i.DiagnosticsManager]: Committed virtual memory: 2.07 GB
2013-12-07 15:02:24.915+0000 INFO  [o.n.k.i.DiagnosticsManager]: Total swap space: 16.00 GB
2013-12-07 15:02:24.915+0000 INFO  [o.n.k.i.DiagnosticsManager]: Free swap space: 16.00 GB
2013-12-07 15:02:24.916+0000 INFO  [o.n.k.i.DiagnosticsManager]: JVM memory information:
2013-12-07 15:02:24.917+0000 INFO  [o.n.k.i.DiagnosticsManager]: Free  memory: 212.90 MB
2013-12-07 15:02:24.917+0000 INFO  [o.n.k.i.DiagnosticsManager]: Total memory: 307.50 MB
2013-12-07 15:02:24.917+0000 INFO  [o.n.k.i.DiagnosticsManager]: Max   memory: 444.50 MB
2013-12-07 15:02:24.919+0000 INFO  [o.n.k.i.DiagnosticsManager]: Garbage Collector: PS Scavenge: [PS Eden Space, PS Survivor Space]
2013-12-07 15:02:24.919+0000 INFO  [o.n.k.i.DiagnosticsManager]: Garbage Collector: PS MarkSweep: [PS Eden Space, PS Survivor Space, PS Old Gen, PS Perm Gen]
2013-12-07 15:02:24.919+0000 INFO  [o.n.k.i.DiagnosticsManager]: Memory Pool: Code Cache (Non-heap memory): committed=3.56 MB, used=3.47 MB, max=48.00 MB, threshold=0.00 B
2013-12-07 15:02:24.920+0000 INFO  [o.n.k.i.DiagnosticsManager]: Memory Pool: PS Eden Space (Heap memory): committed=116.00 MB, used=39.80 MB, max=117.00 MB, threshold=?
2013-12-07 15:02:24.920+0000 INFO  [o.n.k.i.DiagnosticsManager]: Memory Pool: PS Survivor Space (Heap memory): committed=24.50 MB, used=21.33 MB, max=24.50 MB, threshold=?
2013-12-07 15:02:24.921+0000 INFO  [o.n.k.i.DiagnosticsManager]: Memory Pool: PS Old Gen (Heap memory): committed=167.00 MB, used=33.46 MB, max=333.00 MB, threshold=0.00 B
2013-12-07 15:02:24.921+0000 INFO  [o.n.k.i.DiagnosticsManager]: Memory Pool: PS Perm Gen (Non-heap memory): committed=39.50 MB, used=39.15 MB, max=82.00 MB, threshold=0.00 B
2013-12-07 15:02:24.921+0000 INFO  [o.n.k.i.DiagnosticsManager]: Operating system information:
2013-12-07 15:02:24.922+0000 INFO  [o.n.k.i.DiagnosticsManager]: Operating System: Linux; version: 3.11.0-14-generic; arch: amd64; cpus: 8
2013-12-07 15:02:24.922+0000 INFO  [o.n.k.i.DiagnosticsManager]: Max number of file descriptors: 4096
2013-12-07 15:02:24.922+0000 INFO  [o.n.k.i.DiagnosticsManager]: Number of open file descriptors: 64
2013-12-07 15:02:24.922+0000 INFO  [o.n.k.i.DiagnosticsManager]: Process id: 4498@ubuntu
2013-12-07 15:02:24.922+0000 INFO  [o.n.k.i.DiagnosticsManager]: Byte order: LITTLE_ENDIAN
2013-12-07 15:02:24.922+0000 INFO  [o.n.k.i.DiagnosticsManager]: Local timezone: Europe/Rome
2013-12-07 15:02:24.922+0000 INFO  [o.n.k.i.DiagnosticsManager]: JVM information:
2013-12-07 15:02:24.923+0000 INFO  [o.n.k.i.DiagnosticsManager]: VM Name: Java HotSpot(TM) 64-Bit Server VM
2013-12-07 15:02:24.923+0000 INFO  [o.n.k.i.DiagnosticsManager]: VM Vendor: Oracle Corporation
2013-12-07 15:02:24.923+0000 INFO  [o.n.k.i.DiagnosticsManager]: VM Version: 24.45-b08
2013-12-07 15:02:24.923+0000 INFO  [o.n.k.i.DiagnosticsManager]: JIT compiler: HotSpot 64-Bit Tiered Compilers
2013-12-07 15:02:24.923+0000 INFO  [o.n.k.i.DiagnosticsManager]: VM Arguments: [-Djdk.home=, -Djruby.home=/home/pdipietro/.rvm/rubies/jruby-1.7.6, -Djruby.script=jruby, -Djruby.shell=/bin/sh, -Djffi.boot.library.path=/home/pdipietro/.rvm/rubies/jruby-1.7.6/lib/jni:/home/pdipietro/.rvm/rubies/jruby-1.7.6/lib/jni/arm-Linux:/home/pdipietro/.rvm/rubies/jruby-1.7.6/lib/jni/i386-Linux:/home/pdipietro/.rvm/rubies/jruby-1.7.6/lib/jni/x86_64-Linux, -Xmx500m, -Xss2048k, -Xbootclasspath/a:/home/pdipietro/.rvm/rubies/jruby-1.7.6/lib/jruby.jar]
2013-12-07 15:02:24.923+0000 INFO  [o.n.k.i.DiagnosticsManager]: Java classpath:
2013-12-07 15:02:24.925+0000 INFO  [o.n.k.i.DiagnosticsManager]:  [loader.0] file:/home/pdipietro/.rvm/gems/jruby-1.7.6/gems/json-1.8.1-java/lib/json/ext/parser.jar
2013-12-07 15:02:24.925+0000 INFO  [o.n.k.i.DiagnosticsManager]:  [loader.0] file:/home/pdipietro/.rvm/gems/jruby-1.7.6/gems/neo4j-community-1.9.5-java/lib/neo4j-community/jars/concurrentlinkedhashmap-lru-1.3.1.jar
2013-12-07 15:02:24.925+0000 INFO  [o.n.k.i.DiagnosticsManager]:  [loader.0] file:/home/pdipietro/.rvm/gems/jruby-1.7.6/gems/neo4j-enterprise-1.9.5-java/lib/neo4j-enterprise/jars/slf4j-api-1.6.2.jar
2013-12-07 15:02:24.925+0000 INFO  [o.n.k.i.DiagnosticsManager]:  [bootstrap] /usr/lib/jvm/jdk1.7.0_45/jre/lib/sunrsasign.jar
2013-12-07 15:02:24.925+0000 INFO  [o.n.k.i.DiagnosticsManager]:  [loader.0] file:/home/pdipietro/.rvm/gems/jruby-1.7.6/gems/neo4j-community-1.9.5-java/lib/neo4j-community/jars/neo4j-lucene-index-1.9.5.jar
2013-12-07 15:02:24.925+0000 INFO  [o.n.k.i.DiagnosticsManager]:  [loader.2] file:/usr/lib/jvm/jdk1.7.0_45/jre/lib/ext/localedata.jar
2013-12-07 15:02:24.925+0000 INFO  [o.n.k.i.DiagnosticsManager]:  [loader.0] file:/home/pdipietro/.rvm/gems/jruby-1.7.6/gems/therubyrhino_jar-1.7.4/jar/rhino-1.7R4.jar
2013-12-07 15:02:24.925+0000 INFO  [o.n.k.i.DiagnosticsManager]:  [loader.0] file:/home/pdipietro/.rvm/gems/jruby-1.7.6/gems/neo4j-community-1.9.5-java/lib/neo4j-community/jars/neo4j-jmx-1.9.5.jar
2013-12-07 15:02:24.925+0000 INFO  [o.n.k.i.DiagnosticsManager]:  [loader.0] file:/home/pdipietro/.rvm/gems/jruby-1.7.6/gems/bcrypt-ruby-3.1.2-java/lib/bcrypt_ext.jar
2013-12-07 15:02:24.925+0000 INFO  [o.n.k.i.DiagnosticsManager]:  [loader.0] file:/home/pdipietro/.rvm/gems/jruby-1.7.6/gems/neo4j-advanced-1.9.5-java/lib/neo4j-advanced/jars/neo4j-management-1.9.5.jar
2013-12-07 15:02:24.925+0000 INFO  [o.n.k.i.DiagnosticsManager]:  [loader.0] file:/home/pdipietro/.rvm/gems/jruby-1.7.6/gems/neo4j-enterprise-1.9.5-java/lib/neo4j-enterprise/jars/neo4j-udc-1.9.5.jar
2013-12-07 15:02:24.925+0000 INFO  [o.n.k.i.DiagnosticsManager]:  [loader.0] file:/home/pdipietro/.rvm/gems/jruby-1.7.6/gems/neo4j-community-1.9.5-java/lib/neo4j-community/jars/lucene-core-3.6.2.jar
2013-12-07 15:02:24.925+0000 INFO  [o.n.k.i.DiagnosticsManager]:  [loader.0] file:/home/pdipietro/.rvm/gems/jruby-1.7.6/gems/neo4j-enterprise-1.9.5-java/lib/neo4j-enterprise/jars/netty-3.6.3.Final.jar
2013-12-07 15:02:24.925+0000 INFO  [o.n.k.i.DiagnosticsManager]:  [bootstrap] /usr/lib/jvm/jdk1.7.0_45/jre/lib/rt.jar
2013-12-07 15:02:24.925+0000 INFO  [o.n.k.i.DiagnosticsManager]:  [bootstrap] /usr/lib/jvm/jdk1.7.0_45/jre/lib/jce.jar
2013-12-07 15:02:24.925+0000 INFO  [o.n.k.i.DiagnosticsManager]:  [loader.0] file:/home/pdipietro/.rvm/gems/jruby-1.7.6/gems/neo4j-enterprise-1.9.5-java/lib/neo4j-enterprise/jars/neo4j-consistency-check-1.9.5.jar
2013-12-07 15:02:24.925+0000 INFO  [o.n.k.i.DiagnosticsManager]:  [loader.0] file:/home/pdipietro/.rvm/gems/jruby-1.7.6/gems/neo4j-enterprise-1.9.5-java/lib/neo4j-enterprise/jars/neo4j-backup-1.9.5.jar
2013-12-07 15:02:24.925+0000 INFO  [o.n.k.i.DiagnosticsManager]:  [loader.0] file:/home/pdipietro/.rvm/gems/jruby-1.7.6/gems/neo4j-community-1.9.5-java/lib/neo4j-community/jars/neo4j-graph-matching-1.9.5.jar
2013-12-07 15:02:24.925+0000 INFO  [o.n.k.i.DiagnosticsManager]:  [loader.0] file:/home/pdipietro/.rvm/gems/jruby-1.7.6/gems/neo4j-community-1.9.5-java/lib/neo4j-community/jars/scala-library-2.10.0.jar
2013-12-07 15:02:24.925+0000 INFO  [o.n.k.i.DiagnosticsManager]:  [classpath + loader.1] file:/home/pdipietro/myapp/
2013-12-07 15:02:24.925+0000 INFO  [o.n.k.i.DiagnosticsManager]:  [loader.0] file:/home/pdipietro/.rvm/gems/jruby-1.7.6/gems/neo4j-enterprise-1.9.5-java/lib/neo4j-enterprise/jars/logback-access-0.9.30.jar
2013-12-07 15:02:24.926+0000 INFO  [o.n.k.i.DiagnosticsManager]:  [bootstrap] /usr/lib/jvm/jdk1.7.0_45/jre/lib/jfr.jar
2013-12-07 15:02:24.926+0000 INFO  [o.n.k.i.DiagnosticsManager]:  [loader.0] file:/home/pdipietro/.rvm/gems/jruby-1.7.6/gems/neo4j-enterprise-1.9.5-java/lib/neo4j-enterprise/jars/logback-classic-0.9.30.jar
2013-12-07 15:02:24.926+0000 INFO  [o.n.k.i.DiagnosticsManager]:  [loader.0] file:/home/pdipietro/.rvm/gems/jruby-1.7.6/gems/neo4j-enterprise-1.9.5-java/lib/neo4j-enterprise/jars/neo4j-cluster-1.9.5.jar
2013-12-07 15:02:24.926+0000 INFO  [o.n.k.i.DiagnosticsManager]:  [loader.0] file:/home/pdipietro/.rvm/gems/jruby-1.7.6/gems/neo4j-community-1.9.5-java/lib/neo4j-community/jars/neo4j-udc-1.9.5.jar
2013-12-07 15:02:24.926+0000 INFO  [o.n.k.i.DiagnosticsManager]:  [loader.0] file:/home/pdipietro/.rvm/gems/jruby-1.7.6/gems/json-1.8.1-java/lib/json/ext/generator.jar
2013-12-07 15:02:24.926+0000 INFO  [o.n.k.i.DiagnosticsManager]:  [loader.0] file:/home/pdipietro/.rvm/gems/jruby-1.7.6/gems/neo4j-enterprise-1.9.5-java/lib/neo4j-enterprise/jars/neo4j-com-1.9.5.jar
2013-12-07 15:02:24.926+0000 INFO  [o.n.k.i.DiagnosticsManager]:  [loader.0] file:/home/pdipietro/.rvm/gems/jruby-1.7.6/gems/neo4j-enterprise-1.9.5-java/lib/neo4j-enterprise/jars/zookeeper-3.3.2.jar
2013-12-07 15:02:24.926+0000 INFO  [o.n.k.i.DiagnosticsManager]:  [bootstrap] /usr/lib/jvm/jdk1.7.0_45/jre/lib/charsets.jar
2013-12-07 15:02:24.926+0000 INFO  [o.n.k.i.DiagnosticsManager]:  [loader.0] file:/home/pdipietro/.rvm/gems/jruby-1.7.6/gems/neo4j-enterprise-1.9.5-java/lib/neo4j-enterprise/jars/server-api-1.9.5.jar
2013-12-07 15:02:24.926+0000 INFO  [o.n.k.i.DiagnosticsManager]:  [loader.0] file:/home/pdipietro/.rvm/gems/jruby-1.7.6/gems/neo4j-community-1.9.5-java/lib/neo4j-community/jars/server-api-1.9.5.jar
2013-12-07 15:02:24.926+0000 INFO  [o.n.k.i.DiagnosticsManager]:  [loader.0] file:/home/pdipietro/.rvm/rubies/jruby-1.7.6/lib/ruby/shared/kryptcore.jar
2013-12-07 15:02:24.926+0000 INFO  [o.n.k.i.DiagnosticsManager]:  [loader.2] file:/usr/lib/jvm/jdk1.7.0_45/jre/lib/ext/sunec.jar
2013-12-07 15:02:24.926+0000 INFO  [o.n.k.i.DiagnosticsManager]:  [loader.0] file:/home/pdipietro/.rvm/gems/jruby-1.7.6/gems/neo4j-community-1.9.5-java/lib/neo4j-community/jars/neo4j-cypher-1.9.5.jar
2013-12-07 15:02:24.926+0000 INFO  [o.n.k.i.DiagnosticsManager]:  [loader.0] file:/home/pdipietro/.rvm/gems/jruby-1.7.6/gems/neo4j-enterprise-1.9.5-java/lib/neo4j-enterprise/jars/log4j-1.2.16.jar
2013-12-07 15:02:24.926+0000 INFO  [o.n.k.i.DiagnosticsManager]:  [loader.0] file:/home/pdipietro/.rvm/gems/jruby-1.7.6/gems/neo4j-enterprise-1.9.5-java/lib/neo4j-enterprise/jars/logback-core-0.9.30.jar
2013-12-07 15:02:24.926+0000 INFO  [o.n.k.i.DiagnosticsManager]:  [loader.2] file:/usr/lib/jvm/jdk1.7.0_45/jre/lib/ext/dnsns.jar
2013-12-07 15:02:24.926+0000 INFO  [o.n.k.i.DiagnosticsManager]:  [bootstrap] /usr/lib/jvm/jdk1.7.0_45/jre/lib/jsse.jar
2013-12-07 15:02:24.926+0000 INFO  [o.n.k.i.DiagnosticsManager]:  [loader.0] file:/home/pdipietro/.rvm/gems/jruby-1.7.6/gems/neo4j-community-1.9.5-java/lib/neo4j-community/jars/neo4j-graph-algo-1.9.5.jar
2013-12-07 15:02:24.926+0000 INFO  [o.n.k.i.DiagnosticsManager]:  [loader.0] file:/home/pdipietro/.rvm/gems/jruby-1.7.6@global/gems/bouncy-castle-java-1.5.0147/lib/bcpkix-jdk15on-147.jar
2013-12-07 15:02:24.926+0000 INFO  [o.n.k.i.DiagnosticsManager]:  [loader.2] file:/usr/lib/jvm/jdk1.7.0_45/jre/lib/ext/sunjce_provider.jar
2013-12-07 15:02:24.926+0000 INFO  [o.n.k.i.DiagnosticsManager]:  [loader.0] file:/home/pdipietro/.rvm/gems/jruby-1.7.6@global/gems/bouncy-castle-java-1.5.0147/lib/bcprov-jdk15on-147.jar
2013-12-07 15:02:24.926+0000 INFO  [o.n.k.i.DiagnosticsManager]:  [loader.2] file:/usr/lib/jvm/jdk1.7.0_45/jre/lib/ext/zipfs.jar
2013-12-07 15:02:24.926+0000 INFO  [o.n.k.i.DiagnosticsManager]:  [loader.0] file:/home/pdipietro/.rvm/rubies/jruby-1.7.6/lib/ruby/shared/kryptproviderjdk.jar
2013-12-07 15:02:24.926+0000 INFO  [o.n.k.i.DiagnosticsManager]:  [loader.0] file:/home/pdipietro/.rvm/gems/jruby-1.7.6/gems/neo4j-community-1.9.5-java/lib/neo4j-community/jars/geronimo-jta_1.1_spec-1.1.1.jar
2013-12-07 15:02:24.927+0000 INFO  [o.n.k.i.DiagnosticsManager]:  [loader.0] file:/home/pdipietro/.rvm/gems/jruby-1.7.6@global/gems/jruby-openssl-0.9.4/lib/jopenssl.jar
2013-12-07 15:02:24.927+0000 INFO  [o.n.k.i.DiagnosticsManager]:  [bootstrap] /usr/lib/jvm/jdk1.7.0_45/jre/lib/resources.jar
2013-12-07 15:02:24.927+0000 INFO  [o.n.k.i.DiagnosticsManager]:  [loader.0] file:/home/pdipietro/.rvm/gems/jruby-1.7.6/gems/neo4j-core-2.3.0-java/lib/neo4j-core/jars/neo4jrb-adaptor.jar
2013-12-07 15:02:24.927+0000 INFO  [o.n.k.i.DiagnosticsManager]:  [bootstrap] /usr/lib/jvm/jdk1.7.0_45/jre/classes
2013-12-07 15:02:24.927+0000 INFO  [o.n.k.i.DiagnosticsManager]:  [loader.2] file:/usr/lib/jvm/jdk1.7.0_45/jre/lib/ext/sunpkcs11.jar
2013-12-07 15:02:24.927+0000 INFO  [o.n.k.i.DiagnosticsManager]:  [loader.0] file:/home/pdipietro/.rvm/gems/jruby-1.7.6/gems/neo4j-community-1.9.5-java/lib/neo4j-community/jars/neo4j-kernel-1.9.5.jar
2013-12-07 15:02:24.927+0000 INFO  [o.n.k.i.DiagnosticsManager]:  [bootstrap] /home/pdipietro/.rvm/rubies/jruby-1.7.6/lib/jruby.jar
2013-12-07 15:02:24.927+0000 INFO  [o.n.k.i.DiagnosticsManager]:  [loader.0] file:/home/pdipietro/.rvm/gems/jruby-1.7.6/gems/neo4j-enterprise-1.9.5-java/lib/neo4j-enterprise/jars/neo4j-ha-1.9.5.jar
2013-12-07 15:02:24.927+0000 INFO  [o.n.k.i.DiagnosticsManager]: Library path:
2013-12-07 15:02:24.927+0000 INFO  [o.n.k.i.DiagnosticsManager]: /usr/java/packages/lib/amd64
2013-12-07 15:02:24.927+0000 INFO  [o.n.k.i.DiagnosticsManager]: /usr/lib64
2013-12-07 15:02:24.927+0000 INFO  [o.n.k.i.DiagnosticsManager]: /lib64
2013-12-07 15:02:24.927+0000 INFO  [o.n.k.i.DiagnosticsManager]: /lib
2013-12-07 15:02:24.927+0000 INFO  [o.n.k.i.DiagnosticsManager]: /usr/lib
2013-12-07 15:02:24.927+0000 INFO  [o.n.k.i.DiagnosticsManager]: System.properties:
2013-12-07 15:02:24.927+0000 INFO  [o.n.k.i.DiagnosticsManager]: jruby.home = /home/pdipietro/.rvm/rubies/jruby-1.7.6
2013-12-07 15:02:24.927+0000 INFO  [o.n.k.i.DiagnosticsManager]: sun.boot.library.path = /usr/lib/jvm/jdk1.7.0_45/jre/lib/amd64
2013-12-07 15:02:24.927+0000 INFO  [o.n.k.i.DiagnosticsManager]: path.separator = :
2013-12-07 15:02:24.928+0000 INFO  [o.n.k.i.DiagnosticsManager]: file.encoding.pkg = sun.io
2013-12-07 15:02:24.928+0000 INFO  [o.n.k.i.DiagnosticsManager]: user.country = US
2013-12-07 15:02:24.928+0000 INFO  [o.n.k.i.DiagnosticsManager]: sun.java.launcher = SUN_STANDARD
2013-12-07 15:02:24.928+0000 INFO  [o.n.k.i.DiagnosticsManager]: sun.os.patch.level = unknown
2013-12-07 15:02:24.928+0000 INFO  [o.n.k.i.DiagnosticsManager]: user.dir = /home/pdipietro/myapp
2013-12-07 15:02:24.928+0000 INFO  [o.n.k.i.DiagnosticsManager]: neo4j.ext.udc.source = neo4rb
2013-12-07 15:02:24.928+0000 INFO  [o.n.k.i.DiagnosticsManager]: jdk.home = 
2013-12-07 15:02:24.928+0000 INFO  [o.n.k.i.DiagnosticsManager]: sun.jnu.encoding = UTF-8
2013-12-07 15:02:24.928+0000 INFO  [o.n.k.i.DiagnosticsManager]: sun.management.compiler = HotSpot 64-Bit Tiered Compilers
2013-12-07 15:02:24.928+0000 INFO  [o.n.k.i.DiagnosticsManager]: jffi.boot.library.path = /home/pdipietro/.rvm/rubies/jruby-1.7.6/lib/jni:/home/pdipietro/.rvm/rubies/jruby-1.7.6/lib/jni/arm-Linux:/home/pdipietro/.rvm/rubies/jruby-1.7.6/lib/jni/i386-Linux:/home/pdipietro/.rvm/rubies/jruby-1.7.6/lib/jni/x86_64-Linux
2013-12-07 15:02:24.928+0000 INFO  [o.n.k.i.DiagnosticsManager]: user.home = /home/pdipietro
2013-12-07 15:02:24.928+0000 INFO  [o.n.k.i.DiagnosticsManager]: user.timezone = Europe/Rome
2013-12-07 15:02:24.928+0000 INFO  [o.n.k.i.DiagnosticsManager]: file.encoding = UTF-8
2013-12-07 15:02:24.928+0000 INFO  [o.n.k.i.DiagnosticsManager]: jruby.script = jruby
2013-12-07 15:02:24.928+0000 INFO  [o.n.k.i.DiagnosticsManager]: user.name = pdipietro
2013-12-07 15:02:24.928+0000 INFO  [o.n.k.i.DiagnosticsManager]: jruby.shell = /bin/sh
2013-12-07 15:02:24.928+0000 INFO  [o.n.k.i.DiagnosticsManager]: sun.java.command = org/jruby/Main script/rails s
2013-12-07 15:02:24.928+0000 INFO  [o.n.k.i.DiagnosticsManager]: sun.arch.data.model = 64
2013-12-07 15:02:24.928+0000 INFO  [o.n.k.i.DiagnosticsManager]: user.language = en
2013-12-07 15:02:24.928+0000 INFO  [o.n.k.i.DiagnosticsManager]: awt.toolkit = sun.awt.X11.XToolkit
2013-12-07 15:02:24.928+0000 INFO  [o.n.k.i.DiagnosticsManager]: file.separator = /
2013-12-07 15:02:24.928+0000 INFO  [o.n.k.i.DiagnosticsManager]: sun.io.unicode.encoding = UnicodeLittle
2013-12-07 15:02:24.928+0000 INFO  [o.n.k.i.DiagnosticsManager]: sun.cpu.endian = little
2013-12-07 15:02:24.928+0000 INFO  [o.n.k.i.DiagnosticsManager]: sun.desktop = gnome
2013-12-07 15:02:24.928+0000 INFO  [o.n.k.i.DiagnosticsManager]: sun.cpu.isalist = 
2013-12-07 15:02:24.928+0000 INFO  [o.n.k.i.DiagnosticsManager]: Linux scheduler information:
2013-12-07 15:02:24.930+0000 INFO  [o.n.k.i.DiagnosticsManager]: noop [deadline] cfq 
2013-12-07 15:02:24.930+0000 INFO  [o.n.k.i.DiagnosticsManager]: noop [deadline] cfq 
2013-12-07 15:02:24.930+0000 INFO  [o.n.k.i.DiagnosticsManager]: noop [deadline] cfq 
2013-12-07 15:02:24.930+0000 INFO  [o.n.k.i.DiagnosticsManager]: none
2013-12-07 15:02:24.930+0000 INFO  [o.n.k.i.DiagnosticsManager]: none
2013-12-07 15:02:24.930+0000 INFO  [o.n.k.i.DiagnosticsManager]: none
2013-12-07 15:02:24.930+0000 INFO  [o.n.k.i.DiagnosticsManager]: none
2013-12-07 15:02:24.931+0000 INFO  [o.n.k.i.DiagnosticsManager]: none
2013-12-07 15:02:24.931+0000 INFO  [o.n.k.i.DiagnosticsManager]: none
2013-12-07 15:02:24.931+0000 INFO  [o.n.k.i.DiagnosticsManager]: none
2013-12-07 15:02:24.931+0000 INFO  [o.n.k.i.DiagnosticsManager]: none
2013-12-07 15:02:24.931+0000 INFO  [o.n.k.i.DiagnosticsManager]: none
2013-12-07 15:02:24.931+0000 INFO  [o.n.k.i.DiagnosticsManager]: none
2013-12-07 15:02:24.931+0000 INFO  [o.n.k.i.DiagnosticsManager]: none
2013-12-07 15:02:24.932+0000 INFO  [o.n.k.i.DiagnosticsManager]: none
2013-12-07 15:02:24.932+0000 INFO  [o.n.k.i.DiagnosticsManager]: none
2013-12-07 15:02:24.932+0000 INFO  [o.n.k.i.DiagnosticsManager]: none
2013-12-07 15:02:24.932+0000 INFO  [o.n.k.i.DiagnosticsManager]: none
2013-12-07 15:02:24.932+0000 INFO  [o.n.k.i.DiagnosticsManager]: none
2013-12-07 15:02:24.932+0000 INFO  [o.n.k.i.DiagnosticsManager]: none
2013-12-07 15:02:24.932+0000 INFO  [o.n.k.i.DiagnosticsManager]: none
2013-12-07 15:02:24.932+0000 INFO  [o.n.k.i.DiagnosticsManager]: none
2013-12-07 15:02:24.933+0000 INFO  [o.n.k.i.DiagnosticsManager]: none
2013-12-07 15:02:24.933+0000 INFO  [o.n.k.i.DiagnosticsManager]: none
2013-12-07 15:02:24.933+0000 INFO  [o.n.k.i.DiagnosticsManager]: none
2013-12-07 15:02:24.933+0000 INFO  [o.n.k.i.DiagnosticsManager]: none
2013-12-07 15:02:24.933+0000 INFO  [o.n.k.i.DiagnosticsManager]: none
2013-12-07 15:02:24.933+0000 INFO  [o.n.k.i.DiagnosticsManager]: Network information:
2013-12-07 15:02:24.934+0000 INFO  [o.n.k.i.DiagnosticsManager]: Interface eth0:
2013-12-07 15:02:24.934+0000 INFO  [o.n.k.i.DiagnosticsManager]:     address: fe80:0:0:0:20c:29ff:fe03:b624%2
2013-12-07 15:02:24.934+0000 INFO  [o.n.k.i.DiagnosticsManager]:     address: 192.168.10.81
2013-12-07 15:02:24.935+0000 INFO  [o.n.k.i.DiagnosticsManager]: Interface lo:
2013-12-07 15:02:24.935+0000 INFO  [o.n.k.i.DiagnosticsManager]:     address: 0:0:0:0:0:0:0:1%1
2013-12-07 15:02:24.935+0000 INFO  [o.n.k.i.DiagnosticsManager]:     address: 127.0.0.1
2013-12-07 15:02:24.935+0000 INFO  [o.n.k.i.DiagnosticsManager]: High Availability diagnostics
Member state:PENDING
State machines:
   AtomicBroadcastMessage:start
   AcceptorMessage:start
   ProposerMessage:start
   LearnerMessage:start
   HeartbeatMessage:start
   ElectionMessage:start
   SnapshotMessage:start
   ClusterMessage:start
Current timeouts:

2013-12-07 15:02:24.935+0000 INFO  [o.n.k.i.DiagnosticsManager]: --- INITIALIZED diagnostics END ---
2013-12-07 15:02:25.160+0000 INFO  [o.n.k.i.n.s.StoreFactory]: Creating new db @ /home/pdipietro/myapp/db/ha_neo_1/neostore
2013-12-07 15:02:25.257+0000 INFO  [o.n.k.i.n.s.StoreFactory]: [/home/pdipietro/myapp/db/ha_neo_1/neostore.nodestore.db] brickCount=0 brickSize=4718592b mappedMem=471859200b (storeSize=0b)
2013-12-07 15:02:25.316+0000 INFO  [o.n.k.i.n.s.StoreFactory]: /home/pdipietro/myapp/db/ha_neo_1/neostore.nodestore.db hit=1 miss=0 switches=0 ooe=0
2013-12-07 15:02:25.476+0000 INFO  [o.n.k.i.n.s.StoreFactory]: [/home/pdipietro/myapp/db/ha_neo_1/neostore.relationshiptypestore.db.names] brickCount=0 brickSize=0b mappedMem=0b (storeSize=38b)
2013-12-07 15:02:25.480+0000 INFO  [o.n.k.i.n.s.StoreFactory]: [/home/pdipietro/myapp/db/ha_neo_1/neostore.relationshiptypestore.db] brickCount=0 brickSize=0b mappedMem=0b (storeSize=0b)
2013-12-07 15:02:25.485+0000 INFO  [o.n.k.i.n.s.StoreFactory]: /home/pdipietro/myapp/db/ha_neo_1/neostore.relationshiptypestore.db.names hit=0 miss=0 switches=0 ooe=0
2013-12-07 15:02:25.493+0000 INFO  [o.n.k.i.n.s.StoreFactory]: /home/pdipietro/myapp/db/ha_neo_1/neostore.relationshiptypestore.db hit=0 miss=0 switches=0 ooe=0
2013-12-07 15:02:25.546+0000 INFO  [o.n.k.i.n.s.StoreFactory]: [/home/pdipietro/myapp/db/ha_neo_1/neostore.relationshiptypestore.db.names] brickCount=0 brickSize=0b mappedMem=0b (storeSize=38b)
2013-12-07 15:02:25.547+0000 INFO  [o.n.k.i.n.s.StoreFactory]: [/home/pdipietro/myapp/db/ha_neo_1/neostore.relationshiptypestore.db] brickCount=0 brickSize=0b mappedMem=0b (storeSize=0b)
2013-12-07 15:02:25.548+0000 INFO  [o.n.k.i.n.s.StoreFactory]: [/home/pdipietro/myapp/db/ha_neo_1/neostore.propertystore.db.strings] brickCount=0 brickSize=1445888b mappedMem=1445986304b (storeSize=128b)
2013-12-07 15:02:25.548+0000 INFO  [o.n.k.i.n.s.StoreFactory]: [/home/pdipietro/myapp/db/ha_neo_1/neostore.propertystore.db.index.keys] brickCount=0 brickSize=0b mappedMem=0b (storeSize=38b)
2013-12-07 15:02:25.551+0000 INFO  [o.n.k.i.n.s.StoreFactory]: [/home/pdipietro/myapp/db/ha_neo_1/neostore.propertystore.db.index] brickCount=0 brickSize=0b mappedMem=0b (storeSize=0b)
2013-12-07 15:02:25.553+0000 INFO  [o.n.k.i.n.s.StoreFactory]: [/home/pdipietro/myapp/db/ha_neo_1/neostore.propertystore.db.arrays] brickCount=0 brickSize=1638912b mappedMem=1638924288b (storeSize=128b)
2013-12-07 15:02:25.558+0000 INFO  [o.n.k.i.n.s.StoreFactory]: [/home/pdipietro/myapp/db/ha_neo_1/neostore.propertystore.db] brickCount=0 brickSize=17018362b mappedMem=1701838848b (storeSize=0b)
2013-12-07 15:02:25.561+0000 INFO  [o.n.k.i.n.s.StoreFactory]: [/home/pdipietro/myapp/db/ha_neo_1/neostore.relationshipstore.db] brickCount=0 brickSize=20845671b mappedMem=2084569088b (storeSize=0b)
2013-12-07 15:02:25.562+0000 INFO  [o.n.k.i.n.s.StoreFactory]: [/home/pdipietro/myapp/db/ha_neo_1/neostore.nodestore.db] brickCount=0 brickSize=471852b mappedMem=471859200b (storeSize=9b)
2013-12-07 15:02:25.563+0000 INFO  [o.n.k.i.n.s.StoreFactory]: [/home/pdipietro/myapp/db/ha_neo_1/neostore] brickCount=0 brickSize=0b mappedMem=0b (storeSize=0b)
2013-12-07 15:02:25.611+0000 INFO  [o.n.k.i.n.s.StoreFactory]: /home/pdipietro/myapp/db/ha_neo_1/neostore.relationshiptypestore.db.names hit=0 miss=0 switches=0 ooe=0
2013-12-07 15:02:25.616+0000 INFO  [o.n.k.i.n.s.StoreFactory]: /home/pdipietro/myapp/db/ha_neo_1/neostore.relationshiptypestore.db hit=0 miss=0 switches=0 ooe=0
2013-12-07 15:02:25.620+0000 INFO  [o.n.k.i.n.s.StoreFactory]: /home/pdipietro/myapp/db/ha_neo_1/neostore.propertystore.db.strings hit=0 miss=0 switches=0 ooe=0
2013-12-07 15:02:25.627+0000 INFO  [o.n.k.i.n.s.StoreFactory]: /home/pdipietro/myapp/db/ha_neo_1/neostore.propertystore.db.index.keys hit=0 miss=0 switches=0 ooe=0
2013-12-07 15:02:25.640+0000 INFO  [o.n.k.i.n.s.StoreFactory]: /home/pdipietro/myapp/db/ha_neo_1/neostore.propertystore.db.index hit=0 miss=0 switches=0 ooe=0
2013-12-07 15:02:25.651+0000 INFO  [o.n.k.i.n.s.StoreFactory]: /home/pdipietro/myapp/db/ha_neo_1/neostore.propertystore.db.arrays hit=0 miss=0 switches=0 ooe=0
2013-12-07 15:02:25.680+0000 INFO  [o.n.k.i.n.s.StoreFactory]: /home/pdipietro/myapp/db/ha_neo_1/neostore.propertystore.db hit=0 miss=0 switches=0 ooe=0
2013-12-07 15:02:25.686+0000 INFO  [o.n.k.i.n.s.StoreFactory]: /home/pdipietro/myapp/db/ha_neo_1/neostore.relationshipstore.db hit=0 miss=0 switches=0 ooe=0
2013-12-07 15:02:25.697+0000 INFO  [o.n.k.i.n.s.StoreFactory]: /home/pdipietro/myapp/db/ha_neo_1/neostore.nodestore.db hit=0 miss=0 switches=0 ooe=0
2013-12-07 15:02:25.722+0000 INFO  [o.n.k.i.n.s.StoreFactory]: /home/pdipietro/myapp/db/ha_neo_1/neostore hit=0 miss=8 switches=0 ooe=0
2013-12-07 15:02:25.739+0000 INFO  [o.n.k.i.n.s.StoreFactory]: [/home/pdipietro/myapp/db/ha_neo_1/neostore.relationshiptypestore.db.names] brickCount=0 brickSize=0b mappedMem=0b (storeSize=38b)
2013-12-07 15:02:25.740+0000 INFO  [o.n.k.i.n.s.StoreFactory]: [/home/pdipietro/myapp/db/ha_neo_1/neostore.relationshiptypestore.db] brickCount=0 brickSize=0b mappedMem=0b (storeSize=0b)
2013-12-07 15:02:25.741+0000 INFO  [o.n.k.i.n.s.StoreFactory]: [/home/pdipietro/myapp/db/ha_neo_1/neostore.propertystore.db.strings] brickCount=0 brickSize=1445888b mappedMem=1445986304b (storeSize=128b)
2013-12-07 15:02:25.742+0000 INFO  [o.n.k.i.n.s.StoreFactory]: [/home/pdipietro/myapp/db/ha_neo_1/neostore.propertystore.db.index.keys] brickCount=0 brickSize=0b mappedMem=0b (storeSize=38b)
2013-12-07 15:02:25.743+0000 INFO  [o.n.k.i.n.s.StoreFactory]: [/home/pdipietro/myapp/db/ha_neo_1/neostore.propertystore.db.index] brickCount=0 brickSize=0b mappedMem=0b (storeSize=0b)
2013-12-07 15:02:25.743+0000 INFO  [o.n.k.i.n.s.StoreFactory]: [/home/pdipietro/myapp/db/ha_neo_1/neostore.propertystore.db.arrays] brickCount=0 brickSize=1638912b mappedMem=1638924288b (storeSize=128b)
2013-12-07 15:02:25.744+0000 INFO  [o.n.k.i.n.s.StoreFactory]: [/home/pdipietro/myapp/db/ha_neo_1/neostore.propertystore.db] brickCount=0 brickSize=17018362b mappedMem=1701838848b (storeSize=0b)
2013-12-07 15:02:25.745+0000 INFO  [o.n.k.i.n.s.StoreFactory]: [/home/pdipietro/myapp/db/ha_neo_1/neostore.relationshipstore.db] brickCount=0 brickSize=20845671b mappedMem=2084569088b (storeSize=0b)
2013-12-07 15:02:25.746+0000 INFO  [o.n.k.i.n.s.StoreFactory]: [/home/pdipietro/myapp/db/ha_neo_1/neostore.nodestore.db] brickCount=0 brickSize=471852b mappedMem=471859200b (storeSize=9b)
2013-12-07 15:02:25.747+0000 INFO  [o.n.k.i.n.s.StoreFactory]: [/home/pdipietro/myapp/db/ha_neo_1/neostore] brickCount=0 brickSize=0b mappedMem=0b (storeSize=54b)
2013-12-07 15:02:25.774+0000 INFO  [o.n.k.i.t.x.XaLogicalLog]: Opened logical log [/home/pdipietro/myapp/db/ha_neo_1/nioneo_logical.log.1] version=0, lastTxId=1 (clean)
2013-12-07 15:02:25.795+0000 INFO  [o.n.k.i.t.TxManager]: TM new log: tm_tx_log.1
2013-12-07 15:02:25.884+0000 INFO  [o.n.k.i.t.x.XaLogicalLog]: Opened logical log [/home/pdipietro/myapp/db/ha_neo_1/index/lucene.log.1] version=0, lastTxId=1 (clean)
2013-12-07 15:02:25.897+0000 INFO  [o.n.k.h.HighlyAvailableGraphDatabase]: GC Monitor started. 
2013-12-07 15:02:26.064+0000 INFO  [o.n.c.m.p.PaxosClusterMemberAvailability]: Listening at:cluster://192.168.10.81:5001
2013-12-07 15:02:26.089+0000 INFO  [o.n.c.c.ClusterJoin]: Attempting to join cluster of [192.168.10.81:5001, 192.168.10.81:5002, 192.168.10.81:5003]
2013-12-07 15:02:26.120+0000 INFO  [o.n.c.c.NetworkSender]: cluster://192.168.10.81:5001 opened a new channel to /192.168.10.81:5003
2013-12-07 15:02:26.129+0000 INFO  [o.n.c.c.NetworkSender]: cluster://192.168.10.81:5001 opened a new channel to /192.168.10.81:5001
2013-12-07 15:02:26.133+0000 ERROR [o.n.c.c.NetworkSender]: Channel [id: 0x286f5430] had no URI associated with it.
2013-12-07 15:02:26.144+0000 WARN  [o.n.c.c.NetworkSender]: Could not connect to:cluster://192.168.10.81:5002
org.neo4j.cluster.com.ChannelOpenFailedException: Client could not connect to /192.168.10.81:5002
	at org.neo4j.cluster.com.NetworkSender.openChannel(NetworkSender.java:373) ~[neo4j-cluster-1.9.5.jar:1.9.5]
	at org.neo4j.cluster.com.NetworkSender.access$200(NetworkSender.java:72) ~[neo4j-cluster-1.9.5.jar:1.9.5]
	at org.neo4j.cluster.com.NetworkSender$2.run(NetworkSender.java:248) ~[neo4j-cluster-1.9.5.jar:1.9.5]
	at java.util.concurrent.Executors$RunnableAdapter.call(Executors.java:471) [na:1.7.0_45]
	at java.util.concurrent.FutureTask.run(FutureTask.java:262) [na:1.7.0_45]
	at java.util.concurrent.ThreadPoolExecutor.runWorker(ThreadPoolExecutor.java:1145) [na:1.7.0_45]
	at java.util.concurrent.ThreadPoolExecutor$Worker.run(ThreadPoolExecutor.java:615) [na:1.7.0_45]
	at java.lang.Thread.run(Thread.java:744) [na:1.7.0_45]
2013-12-07 15:02:26.153+0000 INFO  [o.n.c.m.p.PaxosClusterMemberAvailability]: Listening at:cluster://192.168.10.81:5001
2013-12-07 15:02:27.096+0000 ERROR [o.n.c.c.NetworkSender]: Channel [id: 0x4d74ae16] had no URI associated with it.
2013-12-07 15:02:28.095+0000 INFO  [o.n.c.c.ClusterJoin]: Could not join cluster of [192.168.10.81:5001, 192.168.10.81:5002, 192.168.10.81:5003]
2013-12-07 15:02:28.095+0000 INFO  [o.n.c.c.ClusterJoin]: Creating new cluster with name [neo4j.ha]...
2013-12-07 15:02:28.096+0000 INFO  [o.n.c.p.c.ClusterState]: Creating cluster: neo4j.ha
2013-12-07 15:02:28.110+0000 INFO  [o.n.k.h.HighAvailabilityConsoleLogger]: Instance 1 (this server) joined the cluster
2013-12-07 15:02:28.131+0000 INFO  [o.n.k.h.c.HighAvailabilityModeSwitcher]: I am 1, moving to master
2013-12-07 15:02:28.205+0000 INFO  [o.n.k.h.c.m.MasterServer]: MasterServer communication server started and bound to /192.168.10.81:6001
2013-12-07 15:02:28.214+0000 INFO  [o.n.k.h.c.HighAvailabilityModeSwitcher]: I am 1, successfully moved to master
2013-12-07 15:02:28.215+0000 INFO  [o.n.k.h.HighAvailabilityConsoleLogger]: Instance 1 (this server) was elected as coordinator
2013-12-07 15:02:28.217+0000 INFO  [o.n.c.p.e.ElectionContext]: Doing elections for role coordinator
2013-12-07 15:02:28.263+0000 INFO  [o.n.k.h.HighAvailabilityConsoleLogger]: Instance 1 (this server) was elected as coordinator
2013-12-07 15:02:28.272+0000 INFO  [o.n.c.m.p.PaxosClusterMemberEvents]: Snapshot:[MemberIsAvailable[ Role: master, InstanceId: 1, Role URI: ha://192.168.10.81:6001?serverId=1, Cluster URI: cluster://192.168.10.81:5001]]
2013-12-07 15:02:28.274+0000 INFO  [o.n.k.h.HighAvailabilityConsoleLogger]: Instance 1 (this server) is available as master at ha://192.168.10.81:6001?serverId=1
2013-12-07 15:02:28.280+0000 INFO  [o.n.k.i.DiagnosticsManager]: --- STARTED diagnostics for KernelDiagnostics:Versions START ---
2013-12-07 15:02:28.280+0000 INFO  [o.n.k.i.DiagnosticsManager]: Graph Database: org.neo4j.kernel.ha.HighlyAvailableGraphDatabase StoreId[time:1386428545161, id:6196898570795847471, store version: 13561656364791302]
2013-12-07 15:02:28.281+0000 INFO  [o.n.k.i.DiagnosticsManager]: Kernel version: Neo4j - Graph Database Kernel 1.9.5
2013-12-07 15:02:28.281+0000 INFO  [o.n.k.i.DiagnosticsManager]: Neo4j component versions:
2013-12-07 15:02:28.284+0000 INFO  [o.n.k.i.DiagnosticsManager]:   Neo4j - Graph Database Kernel 1.9.5
2013-12-07 15:02:28.284+0000 INFO  [o.n.k.i.DiagnosticsManager]: --- STARTED diagnostics for KernelDiagnostics:Versions END ---
2013-12-07 15:02:28.288+0000 INFO  [o.n.k.i.DiagnosticsManager]: --- STARTED diagnostics for NEO_STORE_VERSIONS START ---
2013-12-07 15:02:28.289+0000 INFO  [o.n.k.i.DiagnosticsManager]: Store versions:
2013-12-07 15:02:28.289+0000 INFO  [o.n.k.i.DiagnosticsManager]: Store versions:
2013-12-07 15:02:28.289+0000 INFO  [o.n.k.i.DiagnosticsManager]:   NeoStore v0.A.0
2013-12-07 15:02:28.289+0000 INFO  [o.n.k.i.DiagnosticsManager]:   NodeStore v0.A.0
2013-12-07 15:02:28.290+0000 INFO  [o.n.k.i.DiagnosticsManager]:   RelationshipStore v0.A.0
2013-12-07 15:02:28.290+0000 INFO  [o.n.k.i.DiagnosticsManager]:   RelationshipTypeStore v0.A.0
2013-12-07 15:02:28.290+0000 INFO  [o.n.k.i.DiagnosticsManager]:   PropertyStore v0.A.0
2013-12-07 15:02:28.290+0000 INFO  [o.n.k.i.DiagnosticsManager]:   PropertyIndexStore v0.A.0
2013-12-07 15:02:28.290+0000 INFO  [o.n.k.i.DiagnosticsManager]:   StringPropertyStore v0.A.0
2013-12-07 15:02:28.290+0000 INFO  [o.n.k.i.DiagnosticsManager]:   ArrayPropertyStore v0.A.0
2013-12-07 15:02:28.290+0000 INFO  [o.n.k.i.DiagnosticsManager]: --- STARTED diagnostics for NEO_STORE_VERSIONS END ---
2013-12-07 15:02:28.290+0000 INFO  [o.n.k.i.DiagnosticsManager]: --- STARTED diagnostics for NEO_STORE_ID_USAGE START ---
2013-12-07 15:02:28.290+0000 INFO  [o.n.k.i.DiagnosticsManager]: Id usage:
2013-12-07 15:02:28.290+0000 INFO  [o.n.k.i.DiagnosticsManager]: Id usage:
2013-12-07 15:02:28.290+0000 INFO  [o.n.k.i.DiagnosticsManager]:   NodeStore: used=1 high=0
2013-12-07 15:02:28.291+0000 INFO  [o.n.k.i.DiagnosticsManager]:   RelationshipStore: used=0 high=-1
2013-12-07 15:02:28.291+0000 INFO  [o.n.k.i.DiagnosticsManager]:   RelationshipTypeStore: used=0 high=-1
2013-12-07 15:02:28.291+0000 INFO  [o.n.k.i.DiagnosticsManager]:   PropertyStore: used=0 high=-1
2013-12-07 15:02:28.291+0000 INFO  [o.n.k.i.DiagnosticsManager]:   PropertyIndexStore: used=0 high=-1
2013-12-07 15:02:28.291+0000 INFO  [o.n.k.i.DiagnosticsManager]:   StringPropertyStore: used=1 high=0
2013-12-07 15:02:28.292+0000 INFO  [o.n.k.i.DiagnosticsManager]:   ArrayPropertyStore: used=1 high=0
2013-12-07 15:02:28.292+0000 INFO  [o.n.k.i.DiagnosticsManager]: --- STARTED diagnostics for NEO_STORE_ID_USAGE END ---
2013-12-07 15:02:28.292+0000 INFO  [o.n.k.i.DiagnosticsManager]: --- STARTED diagnostics for PERSISTENCE_WINDOW_POOL_STATS START ---
2013-12-07 15:02:28.292+0000 INFO  [o.n.k.i.DiagnosticsManager]: --- STARTED diagnostics for PERSISTENCE_WINDOW_POOL_STATS END ---
2013-12-07 15:02:28.293+0000 INFO  [o.n.k.i.DiagnosticsManager]: --- STARTED diagnostics for KernelDiagnostics:StoreFiles START ---
2013-12-07 15:02:28.294+0000 INFO  [o.n.k.i.DiagnosticsManager]: Disk space on partition (Total / Free / Free %): 25230176256 / 18501877760 / 73
Storage files: (filename : modification date - size)
2013-12-07 15:02:28.296+0000 INFO  [o.n.k.i.DiagnosticsManager]:   neostore.propertystore.db.index.id: 2013-12-07T16:02:25+0100 - 9.00 B
2013-12-07 15:02:28.296+0000 INFO  [o.n.k.i.DiagnosticsManager]:   neostore.propertystore.db.index: 2013-12-07T16:02:25+0100 - 0.00 B
2013-12-07 15:02:28.297+0000 INFO  [o.n.k.i.DiagnosticsManager]:   neostore.propertystore.db.index.keys: 2013-12-07T16:02:25+0100 - 38.00 B
2013-12-07 15:02:28.297+0000 INFO  [o.n.k.i.DiagnosticsManager]:   tm_tx_log.1: 2013-12-07T16:02:25+0100 - 0.00 B
2013-12-07 15:02:28.297+0000 INFO  [o.n.k.i.DiagnosticsManager]:   lock: 2013-12-07T16:02:25+0100 - 0.00 B
2013-12-07 15:02:28.298+0000 INFO  [o.n.k.i.DiagnosticsManager]:   neostore.propertystore.db.arrays.id: 2013-12-07T16:02:25+0100 - 9.00 B
2013-12-07 15:02:28.298+0000 INFO  [o.n.k.i.DiagnosticsManager]:   neostore.nodestore.db.id: 2013-12-07T16:02:25+0100 - 9.00 B
2013-12-07 15:02:28.299+0000 INFO  [o.n.k.i.DiagnosticsManager]:   nioneo_logical.log.1: 2013-12-07T16:02:25+0100 - 16.00 B
2013-12-07 15:02:28.299+0000 INFO  [o.n.k.i.DiagnosticsManager]:   neostore.relationshiptypestore.db.names: 2013-12-07T16:02:25+0100 - 38.00 B
2013-12-07 15:02:28.300+0000 INFO  [o.n.k.i.DiagnosticsManager]:   neostore.propertystore.db: 2013-12-07T16:02:25+0100 - 0.00 B
2013-12-07 15:02:28.300+0000 INFO  [o.n.k.i.DiagnosticsManager]:   nioneo_logical.log.active: 2013-12-07T16:02:25+0100 - 4.00 B
2013-12-07 15:02:28.301+0000 INFO  [o.n.k.i.DiagnosticsManager]:   neostore.relationshiptypestore.db.names.id: 2013-12-07T16:02:25+0100 - 9.00 B
2013-12-07 15:02:28.301+0000 INFO  [o.n.k.i.DiagnosticsManager]:   neostore: 2013-12-07T16:02:25+0100 - 54.00 B
2013-12-07 15:02:28.302+0000 INFO  [o.n.k.i.DiagnosticsManager]:   active_tx_log: 2013-12-07T16:02:25+0100 - 11.00 B
2013-12-07 15:02:28.302+0000 INFO  [o.n.k.i.DiagnosticsManager]:   neostore.propertystore.db.strings: 2013-12-07T16:02:25+0100 - 128.00 B
2013-12-07 15:02:28.302+0000 INFO  [o.n.k.i.DiagnosticsManager]:   neostore.propertystore.db.arrays: 2013-12-07T16:02:25+0100 - 128.00 B
2013-12-07 15:02:28.303+0000 INFO  [o.n.k.i.DiagnosticsManager]:   store_lock: 2013-12-07T16:02:25+0100 - 0.00 B
2013-12-07 15:02:28.303+0000 INFO  [o.n.k.i.DiagnosticsManager]:   neostore.relationshiptypestore.db: 2013-12-07T16:02:25+0100 - 0.00 B
2013-12-07 15:02:28.303+0000 INFO  [o.n.k.i.DiagnosticsManager]:   branched:
2013-12-07 15:02:28.304+0000 INFO  [o.n.k.i.DiagnosticsManager]:   - Total: 2013-12-07T16:02:25+0100 - 0.00 B
2013-12-07 15:02:28.304+0000 INFO  [o.n.k.i.DiagnosticsManager]:   neostore.propertystore.db.id: 2013-12-07T16:02:25+0100 - 9.00 B
2013-12-07 15:02:28.305+0000 INFO  [o.n.k.i.DiagnosticsManager]:   neostore.propertystore.db.strings.id: 2013-12-07T16:02:25+0100 - 9.00 B
2013-12-07 15:02:28.306+0000 INFO  [o.n.k.i.DiagnosticsManager]:   neostore.relationshipstore.db: 2013-12-07T16:02:25+0100 - 0.00 B
2013-12-07 15:02:28.306+0000 INFO  [o.n.k.i.DiagnosticsManager]:   messages.log: 2013-12-07T16:02:28+0100 - 39.05 kB
2013-12-07 15:02:28.307+0000 INFO  [o.n.k.i.DiagnosticsManager]:   neostore.propertystore.db.index.keys.id: 2013-12-07T16:02:25+0100 - 9.00 B
2013-12-07 15:02:28.307+0000 INFO  [o.n.k.i.DiagnosticsManager]:   neostore.relationshiptypestore.db.id: 2013-12-07T16:02:25+0100 - 9.00 B
2013-12-07 15:02:28.308+0000 INFO  [o.n.k.i.DiagnosticsManager]:   neostore.id: 2013-12-07T16:02:25+0100 - 9.00 B
2013-12-07 15:02:28.308+0000 INFO  [o.n.k.i.DiagnosticsManager]:   neostore.nodestore.db: 2013-12-07T16:02:25+0100 - 9.00 B
2013-12-07 15:02:28.309+0000 INFO  [o.n.k.i.DiagnosticsManager]:   neostore.relationshipstore.db.id: 2013-12-07T16:02:25+0100 - 9.00 B
2013-12-07 15:02:28.309+0000 INFO  [o.n.k.i.DiagnosticsManager]:   index:
2013-12-07 15:02:28.310+0000 INFO  [o.n.k.i.DiagnosticsManager]:     lucene-store.db: 2013-12-07T16:02:25+0100 - 40.00 B
2013-12-07 15:02:28.310+0000 INFO  [o.n.k.i.DiagnosticsManager]:     lucene.log.1: 2013-12-07T16:02:25+0100 - 16.00 B
2013-12-07 15:02:28.311+0000 INFO  [o.n.k.i.DiagnosticsManager]:     lucene.log.active: 2013-12-07T16:02:25+0100 - 4.00 B
2013-12-07 15:02:28.311+0000 INFO  [o.n.k.i.DiagnosticsManager]:   - Total: 2013-12-07T16:02:25+0100 - 60.00 B
2013-12-07 15:02:28.311+0000 INFO  [o.n.k.i.DiagnosticsManager]: --- STARTED diagnostics for KernelDiagnostics:StoreFiles END ---
2013-12-07 15:02:28.312+0000 INFO  [o.n.k.h.HighlyAvailableGraphDatabase]: Database is now ready
2013-12-07 15:02:28.312+0000 INFO  [o.n.k.h.HighAvailabilityConsoleLogger]: Database available for write transactions
2013-12-07 15:02:29.113+0000 INFO  [o.n.k.h.HighAvailabilityConsoleLogger]: Instance 3 joined the cluster
2013-12-07 15:02:29.142+0000 INFO  [o.n.c.p.e.ElectionContext]: Doing elections for role coordinator
2013-12-07 15:02:29.307+0000 INFO  [o.n.k.h.HighAvailabilityConsoleLogger]: Instance 1 (this server) was elected as coordinator
2013-12-07 15:02:29.685+0000 INFO  [o.n.k.i.t.x.XaLogicalLog]: Rotating [/home/pdipietro/myapp/db/ha_neo_1/index/lucene.log.1] @ version=0 to /home/pdipietro/myapp/db/ha_neo_1/index/lucene.log.2 from position 16
2013-12-07 15:02:29.698+0000 INFO  [o.n.k.i.t.x.XaLogicalLog]: Rotate: old log scanned, newLog @ pos=16
2013-12-07 15:02:29.701+0000 INFO  [o.n.k.i.t.x.XaLogicalLog]: Log rotated, newLog @ pos=16, version 1 and last tx 1
2013-12-07 15:02:29.704+0000 INFO  [o.n.k.i.t.x.XaLogicalLog]: Rotating [/home/pdipietro/myapp/db/ha_neo_1/nioneo_logical.log.1] @ version=0 to /home/pdipietro/myapp/db/ha_neo_1/nioneo_logical.log.2 from position 16
2013-12-07 15:02:29.723+0000 INFO  [o.n.k.i.t.x.XaLogicalLog]: Rotate: old log scanned, newLog @ pos=16
2013-12-07 15:02:29.728+0000 INFO  [o.n.k.i.t.x.XaLogicalLog]: Log rotated, newLog @ pos=16, version 1 and last tx 1
2013-12-07 15:02:31.089+0000 INFO  [o.n.c.m.p.PaxosClusterMemberEvents]: Snapshot:[MemberIsAvailable[ Role: master, InstanceId: 1, Role URI: ha://192.168.10.81:6001?serverId=1, Cluster URI: cluster://192.168.10.81:5001], MemberIsAvailable[ Role: slave, InstanceId: 3, Role URI: ha://192.168.10.81:6003?serverId=3, Cluster URI: cluster://192.168.10.81:5003]]
2013-12-07 15:02:31.089+0000 INFO  [o.n.k.h.HighAvailabilityConsoleLogger]: Instance 3 is available as slave at ha://192.168.10.81:6003?serverId=3
2013-12-07 15:02:51.207+0000 INFO  [o.n.k.h.c.m.SlaveClient]: SlaveClient communication channel created towards 192.168.10.81:6003
2013-12-07 15:02:51.251+0000 INFO  [o.n.k.h.c.m.SlaveClient]: Opened a new channel to /192.168.10.81:6003
2013-12-07 15:03:03.499+0000 INFO  [o.n.k.h.HighlyAvailableGraphDatabase]: GC Monitor: Application threads blocked for an additional 162ms [total block time: 0.162s]
