2013-12-07 15:15:02.349+0000 INFO  [o.n.k.i.DiagnosticsManager]: --- INITIALIZED diagnostics START ---
2013-12-07 15:15:02.349+0000 INFO  [o.n.k.i.DiagnosticsManager]: Neo4j Kernel properties:
2013-12-07 15:15:02.349+0000 INFO  [o.n.k.i.DiagnosticsManager]: neostore.propertystore.db.mapped_memory=1623M
2013-12-07 15:15:02.350+0000 INFO  [o.n.k.i.DiagnosticsManager]: neostore.nodestore.db.mapped_memory=450M
2013-12-07 15:15:02.350+0000 INFO  [o.n.k.i.DiagnosticsManager]: allow_store_upgrade=false
2013-12-07 15:15:02.350+0000 INFO  [o.n.k.i.DiagnosticsManager]: neostore.relationshipstore.db.mapped_memory=1988M
2013-12-07 15:15:02.350+0000 INFO  [o.n.k.i.DiagnosticsManager]: neostore.propertystore.db.strings.mapped_memory=1379M
2013-12-07 15:15:02.350+0000 INFO  [o.n.k.i.DiagnosticsManager]: store_dir=/home/pdipietro/myapp/db/ha_neo_2/temp-copy
2013-12-07 15:15:02.350+0000 INFO  [o.n.k.i.DiagnosticsManager]: keep_logical_logs=true
2013-12-07 15:15:02.350+0000 INFO  [o.n.k.i.DiagnosticsManager]: neostore.propertystore.db.arrays.mapped_memory=1563M
2013-12-07 15:15:02.350+0000 INFO  [o.n.k.i.DiagnosticsManager]: ephemeral=false
2013-12-07 15:15:02.350+0000 INFO  [o.n.k.i.DiagnosticsManager]: Diagnostics providers:
2013-12-07 15:15:02.350+0000 INFO  [o.n.k.i.DiagnosticsManager]: org.neo4j.kernel.configuration.Config
2013-12-07 15:15:02.350+0000 INFO  [o.n.k.i.DiagnosticsManager]: org.neo4j.kernel.info.DiagnosticsManager
2013-12-07 15:15:02.350+0000 INFO  [o.n.k.i.DiagnosticsManager]: SYSTEM_MEMORY
2013-12-07 15:15:02.350+0000 INFO  [o.n.k.i.DiagnosticsManager]: JAVA_MEMORY
2013-12-07 15:15:02.350+0000 INFO  [o.n.k.i.DiagnosticsManager]: OPERATING_SYSTEM
2013-12-07 15:15:02.350+0000 INFO  [o.n.k.i.DiagnosticsManager]: JAVA_VIRTUAL_MACHINE
2013-12-07 15:15:02.350+0000 INFO  [o.n.k.i.DiagnosticsManager]: CLASSPATH
2013-12-07 15:15:02.350+0000 INFO  [o.n.k.i.DiagnosticsManager]: LIBRARY_PATH
2013-12-07 15:15:02.350+0000 INFO  [o.n.k.i.DiagnosticsManager]: SYSTEM_PROPERTIES
2013-12-07 15:15:02.351+0000 INFO  [o.n.k.i.DiagnosticsManager]: LINUX_SCHEDULERS
2013-12-07 15:15:02.351+0000 INFO  [o.n.k.i.DiagnosticsManager]: NETWORK
2013-12-07 15:15:02.351+0000 INFO  [o.n.k.i.DiagnosticsManager]: NodeCache
2013-12-07 15:15:02.351+0000 INFO  [o.n.k.i.DiagnosticsManager]: RelationshipCache
2013-12-07 15:15:02.351+0000 INFO  [o.n.k.i.DiagnosticsManager]: System memory information:
2013-12-07 15:15:02.351+0000 INFO  [o.n.k.i.DiagnosticsManager]: Total Physical memory: 15.67 GB
2013-12-07 15:15:02.352+0000 INFO  [o.n.k.i.DiagnosticsManager]: Free Physical memory: 13.17 GB
2013-12-07 15:15:02.352+0000 INFO  [o.n.k.i.DiagnosticsManager]: Committed virtual memory: 4.27 GB
2013-12-07 15:15:02.352+0000 INFO  [o.n.k.i.DiagnosticsManager]: Total swap space: 16.00 GB
2013-12-07 15:15:02.352+0000 INFO  [o.n.k.i.DiagnosticsManager]: Free swap space: 16.00 GB
2013-12-07 15:15:02.353+0000 INFO  [o.n.k.i.DiagnosticsManager]: JVM memory information:
2013-12-07 15:15:02.353+0000 INFO  [o.n.k.i.DiagnosticsManager]: Free  memory: 118.35 MB
2013-12-07 15:15:02.353+0000 INFO  [o.n.k.i.DiagnosticsManager]: Total memory: 323.50 MB
2013-12-07 15:15:02.353+0000 INFO  [o.n.k.i.DiagnosticsManager]: Max   memory: 444.50 MB
2013-12-07 15:15:02.354+0000 INFO  [o.n.k.i.DiagnosticsManager]: Garbage Collector: PS Scavenge: [PS Eden Space, PS Survivor Space]
2013-12-07 15:15:02.354+0000 INFO  [o.n.k.i.DiagnosticsManager]: Garbage Collector: PS MarkSweep: [PS Eden Space, PS Survivor Space, PS Old Gen, PS Perm Gen]
2013-12-07 15:15:02.355+0000 INFO  [o.n.k.i.DiagnosticsManager]: Memory Pool: Code Cache (Non-heap memory): committed=3.56 MB, used=3.31 MB, max=48.00 MB, threshold=0.00 B
2013-12-07 15:15:02.356+0000 INFO  [o.n.k.i.DiagnosticsManager]: Memory Pool: PS Eden Space (Heap memory): committed=146.00 MB, used=143.45 MB, max=146.00 MB, threshold=?
2013-12-07 15:15:02.357+0000 INFO  [o.n.k.i.DiagnosticsManager]: Memory Pool: PS Survivor Space (Heap memory): committed=10.50 MB, used=10.49 MB, max=10.50 MB, threshold=?
2013-12-07 15:15:02.358+0000 INFO  [o.n.k.i.DiagnosticsManager]: Memory Pool: PS Old Gen (Heap memory): committed=167.00 MB, used=51.21 MB, max=333.00 MB, threshold=0.00 B
2013-12-07 15:15:02.358+0000 INFO  [o.n.k.i.DiagnosticsManager]: Memory Pool: PS Perm Gen (Non-heap memory): committed=43.00 MB, used=42.72 MB, max=82.00 MB, threshold=0.00 B
2013-12-07 15:15:02.359+0000 INFO  [o.n.k.i.DiagnosticsManager]: Operating system information:
2013-12-07 15:15:02.359+0000 INFO  [o.n.k.i.DiagnosticsManager]: Operating System: Linux; version: 3.11.0-14-generic; arch: amd64; cpus: 8
2013-12-07 15:15:02.359+0000 INFO  [o.n.k.i.DiagnosticsManager]: Max number of file descriptors: 4096
2013-12-07 15:15:02.360+0000 INFO  [o.n.k.i.DiagnosticsManager]: Number of open file descriptors: 135
2013-12-07 15:15:02.360+0000 INFO  [o.n.k.i.DiagnosticsManager]: Process id: 4516@ubuntu
2013-12-07 15:15:02.360+0000 INFO  [o.n.k.i.DiagnosticsManager]: Byte order: LITTLE_ENDIAN
2013-12-07 15:15:02.360+0000 INFO  [o.n.k.i.DiagnosticsManager]: Local timezone: Europe/Rome
2013-12-07 15:15:02.360+0000 INFO  [o.n.k.i.DiagnosticsManager]: JVM information:
2013-12-07 15:15:02.360+0000 INFO  [o.n.k.i.DiagnosticsManager]: VM Name: Java HotSpot(TM) 64-Bit Server VM
2013-12-07 15:15:02.360+0000 INFO  [o.n.k.i.DiagnosticsManager]: VM Vendor: Oracle Corporation
2013-12-07 15:15:02.360+0000 INFO  [o.n.k.i.DiagnosticsManager]: VM Version: 24.45-b08
2013-12-07 15:15:02.360+0000 INFO  [o.n.k.i.DiagnosticsManager]: JIT compiler: HotSpot 64-Bit Tiered Compilers
2013-12-07 15:15:02.361+0000 INFO  [o.n.k.i.DiagnosticsManager]: VM Arguments: [-Djdk.home=, -Djruby.home=/home/pdipietro/.rvm/rubies/jruby-1.7.6, -Djruby.script=jruby, -Djruby.shell=/bin/sh, -Djffi.boot.library.path=/home/pdipietro/.rvm/rubies/jruby-1.7.6/lib/jni:/home/pdipietro/.rvm/rubies/jruby-1.7.6/lib/jni/arm-Linux:/home/pdipietro/.rvm/rubies/jruby-1.7.6/lib/jni/i386-Linux:/home/pdipietro/.rvm/rubies/jruby-1.7.6/lib/jni/x86_64-Linux, -Xmx500m, -Xss2048k, -Xbootclasspath/a:/home/pdipietro/.rvm/rubies/jruby-1.7.6/lib/jruby.jar]
2013-12-07 15:15:02.361+0000 INFO  [o.n.k.i.DiagnosticsManager]: Java classpath:
2013-12-07 15:15:02.363+0000 INFO  [o.n.k.i.DiagnosticsManager]:  [loader.0] file:/home/pdipietro/.rvm/gems/jruby-1.7.6/gems/json-1.8.1-java/lib/json/ext/parser.jar
2013-12-07 15:15:02.363+0000 INFO  [o.n.k.i.DiagnosticsManager]:  [loader.0] file:/home/pdipietro/.rvm/gems/jruby-1.7.6/gems/neo4j-community-1.9.5-java/lib/neo4j-community/jars/concurrentlinkedhashmap-lru-1.3.1.jar
2013-12-07 15:15:02.363+0000 INFO  [o.n.k.i.DiagnosticsManager]:  [loader.0] file:/home/pdipietro/.rvm/gems/jruby-1.7.6/gems/neo4j-enterprise-1.9.5-java/lib/neo4j-enterprise/jars/slf4j-api-1.6.2.jar
2013-12-07 15:15:02.363+0000 INFO  [o.n.k.i.DiagnosticsManager]:  [bootstrap] /usr/lib/jvm/jdk1.7.0_45/jre/lib/sunrsasign.jar
2013-12-07 15:15:02.363+0000 INFO  [o.n.k.i.DiagnosticsManager]:  [loader.0] file:/home/pdipietro/.rvm/gems/jruby-1.7.6/gems/neo4j-community-1.9.5-java/lib/neo4j-community/jars/neo4j-lucene-index-1.9.5.jar
2013-12-07 15:15:02.363+0000 INFO  [o.n.k.i.DiagnosticsManager]:  [loader.2] file:/usr/lib/jvm/jdk1.7.0_45/jre/lib/ext/localedata.jar
2013-12-07 15:15:02.364+0000 INFO  [o.n.k.i.DiagnosticsManager]:  [loader.0] file:/home/pdipietro/.rvm/gems/jruby-1.7.6/gems/therubyrhino_jar-1.7.4/jar/rhino-1.7R4.jar
2013-12-07 15:15:02.364+0000 INFO  [o.n.k.i.DiagnosticsManager]:  [loader.0] file:/home/pdipietro/.rvm/gems/jruby-1.7.6/gems/bcrypt-ruby-3.1.2-java/lib/bcrypt_ext.jar
2013-12-07 15:15:02.364+0000 INFO  [o.n.k.i.DiagnosticsManager]:  [loader.0] file:/home/pdipietro/.rvm/gems/jruby-1.7.6/gems/neo4j-community-1.9.5-java/lib/neo4j-community/jars/neo4j-jmx-1.9.5.jar
2013-12-07 15:15:02.364+0000 INFO  [o.n.k.i.DiagnosticsManager]:  [loader.0] file:/home/pdipietro/.rvm/gems/jruby-1.7.6/gems/neo4j-advanced-1.9.5-java/lib/neo4j-advanced/jars/neo4j-management-1.9.5.jar
2013-12-07 15:15:02.364+0000 INFO  [o.n.k.i.DiagnosticsManager]:  [loader.0] file:/home/pdipietro/.rvm/gems/jruby-1.7.6/gems/neo4j-enterprise-1.9.5-java/lib/neo4j-enterprise/jars/neo4j-udc-1.9.5.jar
2013-12-07 15:15:02.364+0000 INFO  [o.n.k.i.DiagnosticsManager]:  [loader.0] file:/home/pdipietro/.rvm/gems/jruby-1.7.6/gems/neo4j-community-1.9.5-java/lib/neo4j-community/jars/lucene-core-3.6.2.jar
2013-12-07 15:15:02.364+0000 INFO  [o.n.k.i.DiagnosticsManager]:  [loader.0] file:/home/pdipietro/.rvm/gems/jruby-1.7.6/gems/neo4j-enterprise-1.9.5-java/lib/neo4j-enterprise/jars/netty-3.6.3.Final.jar
2013-12-07 15:15:02.364+0000 INFO  [o.n.k.i.DiagnosticsManager]:  [bootstrap] /usr/lib/jvm/jdk1.7.0_45/jre/lib/rt.jar
2013-12-07 15:15:02.364+0000 INFO  [o.n.k.i.DiagnosticsManager]:  [bootstrap] /usr/lib/jvm/jdk1.7.0_45/jre/lib/jce.jar
2013-12-07 15:15:02.364+0000 INFO  [o.n.k.i.DiagnosticsManager]:  [loader.0] file:/home/pdipietro/.rvm/gems/jruby-1.7.6/gems/neo4j-enterprise-1.9.5-java/lib/neo4j-enterprise/jars/neo4j-consistency-check-1.9.5.jar
2013-12-07 15:15:02.364+0000 INFO  [o.n.k.i.DiagnosticsManager]:  [loader.0] file:/home/pdipietro/.rvm/gems/jruby-1.7.6/gems/neo4j-enterprise-1.9.5-java/lib/neo4j-enterprise/jars/neo4j-backup-1.9.5.jar
2013-12-07 15:15:02.364+0000 INFO  [o.n.k.i.DiagnosticsManager]:  [loader.0] file:/home/pdipietro/.rvm/gems/jruby-1.7.6/gems/neo4j-community-1.9.5-java/lib/neo4j-community/jars/neo4j-graph-matching-1.9.5.jar
2013-12-07 15:15:02.364+0000 INFO  [o.n.k.i.DiagnosticsManager]:  [classpath + loader.1] file:/home/pdipietro/myapp/
2013-12-07 15:15:02.364+0000 INFO  [o.n.k.i.DiagnosticsManager]:  [loader.0] file:/home/pdipietro/.rvm/gems/jruby-1.7.6/gems/neo4j-community-1.9.5-java/lib/neo4j-community/jars/scala-library-2.10.0.jar
2013-12-07 15:15:02.364+0000 INFO  [o.n.k.i.DiagnosticsManager]:  [loader.0] file:/home/pdipietro/.rvm/gems/jruby-1.7.6/gems/neo4j-enterprise-1.9.5-java/lib/neo4j-enterprise/jars/logback-access-0.9.30.jar
2013-12-07 15:15:02.364+0000 INFO  [o.n.k.i.DiagnosticsManager]:  [bootstrap] /usr/lib/jvm/jdk1.7.0_45/jre/lib/jfr.jar
2013-12-07 15:15:02.364+0000 INFO  [o.n.k.i.DiagnosticsManager]:  [loader.0] file:/home/pdipietro/.rvm/gems/jruby-1.7.6/gems/neo4j-enterprise-1.9.5-java/lib/neo4j-enterprise/jars/logback-classic-0.9.30.jar
2013-12-07 15:15:02.364+0000 INFO  [o.n.k.i.DiagnosticsManager]:  [loader.0] file:/home/pdipietro/.rvm/gems/jruby-1.7.6/gems/neo4j-enterprise-1.9.5-java/lib/neo4j-enterprise/jars/neo4j-cluster-1.9.5.jar
2013-12-07 15:15:02.365+0000 INFO  [o.n.k.i.DiagnosticsManager]:  [loader.0] file:/home/pdipietro/.rvm/gems/jruby-1.7.6/gems/neo4j-community-1.9.5-java/lib/neo4j-community/jars/neo4j-udc-1.9.5.jar
2013-12-07 15:15:02.365+0000 INFO  [o.n.k.i.DiagnosticsManager]:  [loader.0] file:/home/pdipietro/.rvm/gems/jruby-1.7.6/gems/json-1.8.1-java/lib/json/ext/generator.jar
2013-12-07 15:15:02.365+0000 INFO  [o.n.k.i.DiagnosticsManager]:  [loader.0] file:/home/pdipietro/.rvm/gems/jruby-1.7.6/gems/neo4j-enterprise-1.9.5-java/lib/neo4j-enterprise/jars/neo4j-com-1.9.5.jar
2013-12-07 15:15:02.365+0000 INFO  [o.n.k.i.DiagnosticsManager]:  [loader.0] file:/home/pdipietro/.rvm/gems/jruby-1.7.6/gems/neo4j-enterprise-1.9.5-java/lib/neo4j-enterprise/jars/zookeeper-3.3.2.jar
2013-12-07 15:15:02.365+0000 INFO  [o.n.k.i.DiagnosticsManager]:  [bootstrap] /usr/lib/jvm/jdk1.7.0_45/jre/lib/charsets.jar
2013-12-07 15:15:02.365+0000 INFO  [o.n.k.i.DiagnosticsManager]:  [loader.0] file:/home/pdipietro/.rvm/gems/jruby-1.7.6/gems/neo4j-enterprise-1.9.5-java/lib/neo4j-enterprise/jars/server-api-1.9.5.jar
2013-12-07 15:15:02.365+0000 INFO  [o.n.k.i.DiagnosticsManager]:  [loader.0] file:/home/pdipietro/.rvm/gems/jruby-1.7.6/gems/neo4j-community-1.9.5-java/lib/neo4j-community/jars/server-api-1.9.5.jar
2013-12-07 15:15:02.365+0000 INFO  [o.n.k.i.DiagnosticsManager]:  [loader.0] file:/home/pdipietro/.rvm/rubies/jruby-1.7.6/lib/ruby/shared/kryptcore.jar
2013-12-07 15:15:02.365+0000 INFO  [o.n.k.i.DiagnosticsManager]:  [loader.2] file:/usr/lib/jvm/jdk1.7.0_45/jre/lib/ext/sunec.jar
2013-12-07 15:15:02.365+0000 INFO  [o.n.k.i.DiagnosticsManager]:  [loader.0] file:/home/pdipietro/.rvm/gems/jruby-1.7.6/gems/neo4j-community-1.9.5-java/lib/neo4j-community/jars/neo4j-cypher-1.9.5.jar
2013-12-07 15:15:02.365+0000 INFO  [o.n.k.i.DiagnosticsManager]:  [loader.0] file:/home/pdipietro/.rvm/gems/jruby-1.7.6/gems/neo4j-enterprise-1.9.5-java/lib/neo4j-enterprise/jars/log4j-1.2.16.jar
2013-12-07 15:15:02.365+0000 INFO  [o.n.k.i.DiagnosticsManager]:  [loader.0] file:/home/pdipietro/.rvm/gems/jruby-1.7.6/gems/neo4j-enterprise-1.9.5-java/lib/neo4j-enterprise/jars/logback-core-0.9.30.jar
2013-12-07 15:15:02.365+0000 INFO  [o.n.k.i.DiagnosticsManager]:  [loader.2] file:/usr/lib/jvm/jdk1.7.0_45/jre/lib/ext/dnsns.jar
2013-12-07 15:15:02.365+0000 INFO  [o.n.k.i.DiagnosticsManager]:  [bootstrap] /usr/lib/jvm/jdk1.7.0_45/jre/lib/jsse.jar
2013-12-07 15:15:02.365+0000 INFO  [o.n.k.i.DiagnosticsManager]:  [loader.0] file:/home/pdipietro/.rvm/gems/jruby-1.7.6/gems/neo4j-community-1.9.5-java/lib/neo4j-community/jars/neo4j-graph-algo-1.9.5.jar
2013-12-07 15:15:02.365+0000 INFO  [o.n.k.i.DiagnosticsManager]:  [loader.0] file:/home/pdipietro/.rvm/gems/jruby-1.7.6@global/gems/bouncy-castle-java-1.5.0147/lib/bcpkix-jdk15on-147.jar
2013-12-07 15:15:02.365+0000 INFO  [o.n.k.i.DiagnosticsManager]:  [loader.2] file:/usr/lib/jvm/jdk1.7.0_45/jre/lib/ext/sunjce_provider.jar
2013-12-07 15:15:02.365+0000 INFO  [o.n.k.i.DiagnosticsManager]:  [loader.0] file:/home/pdipietro/.rvm/gems/jruby-1.7.6@global/gems/bouncy-castle-java-1.5.0147/lib/bcprov-jdk15on-147.jar
2013-12-07 15:15:02.365+0000 INFO  [o.n.k.i.DiagnosticsManager]:  [loader.2] file:/usr/lib/jvm/jdk1.7.0_45/jre/lib/ext/zipfs.jar
2013-12-07 15:15:02.366+0000 INFO  [o.n.k.i.DiagnosticsManager]:  [loader.0] file:/home/pdipietro/.rvm/rubies/jruby-1.7.6/lib/ruby/shared/kryptproviderjdk.jar
2013-12-07 15:15:02.366+0000 INFO  [o.n.k.i.DiagnosticsManager]:  [loader.0] file:/home/pdipietro/.rvm/gems/jruby-1.7.6/gems/neo4j-community-1.9.5-java/lib/neo4j-community/jars/geronimo-jta_1.1_spec-1.1.1.jar
2013-12-07 15:15:02.366+0000 INFO  [o.n.k.i.DiagnosticsManager]:  [loader.0] file:/home/pdipietro/.rvm/gems/jruby-1.7.6@global/gems/jruby-openssl-0.9.4/lib/jopenssl.jar
2013-12-07 15:15:02.366+0000 INFO  [o.n.k.i.DiagnosticsManager]:  [bootstrap] /usr/lib/jvm/jdk1.7.0_45/jre/lib/resources.jar
2013-12-07 15:15:02.366+0000 INFO  [o.n.k.i.DiagnosticsManager]:  [loader.0] file:/home/pdipietro/.rvm/rubies/jruby-1.7.6/lib/ruby/shared/readline/jline-2.11.jar
2013-12-07 15:15:02.366+0000 INFO  [o.n.k.i.DiagnosticsManager]:  [loader.0] file:/home/pdipietro/.rvm/gems/jruby-1.7.6/gems/neo4j-core-2.3.0-java/lib/neo4j-core/jars/neo4jrb-adaptor.jar
2013-12-07 15:15:02.366+0000 INFO  [o.n.k.i.DiagnosticsManager]:  [bootstrap] /usr/lib/jvm/jdk1.7.0_45/jre/classes
2013-12-07 15:15:02.366+0000 INFO  [o.n.k.i.DiagnosticsManager]:  [loader.2] file:/usr/lib/jvm/jdk1.7.0_45/jre/lib/ext/sunpkcs11.jar
2013-12-07 15:15:02.366+0000 INFO  [o.n.k.i.DiagnosticsManager]:  [loader.0] file:/home/pdipietro/.rvm/gems/jruby-1.7.6/gems/neo4j-community-1.9.5-java/lib/neo4j-community/jars/neo4j-kernel-1.9.5.jar
2013-12-07 15:15:02.366+0000 INFO  [o.n.k.i.DiagnosticsManager]:  [loader.0] file:/home/pdipietro/.rvm/rubies/jruby-1.7.6/lib/ruby/shared/readline/readline.jar
2013-12-07 15:15:02.366+0000 INFO  [o.n.k.i.DiagnosticsManager]:  [bootstrap] /home/pdipietro/.rvm/rubies/jruby-1.7.6/lib/jruby.jar
2013-12-07 15:15:02.366+0000 INFO  [o.n.k.i.DiagnosticsManager]:  [loader.0] file:/home/pdipietro/.rvm/gems/jruby-1.7.6/gems/neo4j-enterprise-1.9.5-java/lib/neo4j-enterprise/jars/neo4j-ha-1.9.5.jar
2013-12-07 15:15:02.366+0000 INFO  [o.n.k.i.DiagnosticsManager]: Library path:
2013-12-07 15:15:02.366+0000 INFO  [o.n.k.i.DiagnosticsManager]: /usr/java/packages/lib/amd64
2013-12-07 15:15:02.366+0000 INFO  [o.n.k.i.DiagnosticsManager]: /usr/lib64
2013-12-07 15:15:02.367+0000 INFO  [o.n.k.i.DiagnosticsManager]: /lib64
2013-12-07 15:15:02.367+0000 INFO  [o.n.k.i.DiagnosticsManager]: /lib
2013-12-07 15:15:02.367+0000 INFO  [o.n.k.i.DiagnosticsManager]: /usr/lib
2013-12-07 15:15:02.367+0000 INFO  [o.n.k.i.DiagnosticsManager]: System.properties:
2013-12-07 15:15:02.367+0000 INFO  [o.n.k.i.DiagnosticsManager]: jruby.home = /home/pdipietro/.rvm/rubies/jruby-1.7.6
2013-12-07 15:15:02.367+0000 INFO  [o.n.k.i.DiagnosticsManager]: sun.boot.library.path = /usr/lib/jvm/jdk1.7.0_45/jre/lib/amd64
2013-12-07 15:15:02.367+0000 INFO  [o.n.k.i.DiagnosticsManager]: path.separator = :
2013-12-07 15:15:02.367+0000 INFO  [o.n.k.i.DiagnosticsManager]: file.encoding.pkg = sun.io
2013-12-07 15:15:02.367+0000 INFO  [o.n.k.i.DiagnosticsManager]: user.country = US
2013-12-07 15:15:02.367+0000 INFO  [o.n.k.i.DiagnosticsManager]: sun.java.launcher = SUN_STANDARD
2013-12-07 15:15:02.367+0000 INFO  [o.n.k.i.DiagnosticsManager]: sun.os.patch.level = unknown
2013-12-07 15:15:02.367+0000 INFO  [o.n.k.i.DiagnosticsManager]: user.dir = /home/pdipietro/myapp
2013-12-07 15:15:02.367+0000 INFO  [o.n.k.i.DiagnosticsManager]: neo4j.ext.udc.source = neo4rb
2013-12-07 15:15:02.367+0000 INFO  [o.n.k.i.DiagnosticsManager]: jdk.home = 
2013-12-07 15:15:02.367+0000 INFO  [o.n.k.i.DiagnosticsManager]: sun.jnu.encoding = UTF-8
2013-12-07 15:15:02.368+0000 INFO  [o.n.k.i.DiagnosticsManager]: sun.nio.ch.bugLevel = 
2013-12-07 15:15:02.368+0000 INFO  [o.n.k.i.DiagnosticsManager]: sun.management.compiler = HotSpot 64-Bit Tiered Compilers
2013-12-07 15:15:02.368+0000 INFO  [o.n.k.i.DiagnosticsManager]: jffi.boot.library.path = /home/pdipietro/.rvm/rubies/jruby-1.7.6/lib/jni:/home/pdipietro/.rvm/rubies/jruby-1.7.6/lib/jni/arm-Linux:/home/pdipietro/.rvm/rubies/jruby-1.7.6/lib/jni/i386-Linux:/home/pdipietro/.rvm/rubies/jruby-1.7.6/lib/jni/x86_64-Linux
2013-12-07 15:15:02.368+0000 INFO  [o.n.k.i.DiagnosticsManager]: user.home = /home/pdipietro
2013-12-07 15:15:02.368+0000 INFO  [o.n.k.i.DiagnosticsManager]: user.timezone = Europe/Rome
2013-12-07 15:15:02.368+0000 INFO  [o.n.k.i.DiagnosticsManager]: file.encoding = UTF-8
2013-12-07 15:15:02.368+0000 INFO  [o.n.k.i.DiagnosticsManager]: jruby.script = jruby
2013-12-07 15:15:02.368+0000 INFO  [o.n.k.i.DiagnosticsManager]: user.name = pdipietro
2013-12-07 15:15:02.368+0000 INFO  [o.n.k.i.DiagnosticsManager]: jruby.shell = /bin/sh
2013-12-07 15:15:02.368+0000 INFO  [o.n.k.i.DiagnosticsManager]: sun.java.command = org/jruby/Main script/rails c
2013-12-07 15:15:02.368+0000 INFO  [o.n.k.i.DiagnosticsManager]: sun.arch.data.model = 64
2013-12-07 15:15:02.368+0000 INFO  [o.n.k.i.DiagnosticsManager]: user.language = en
2013-12-07 15:15:02.368+0000 INFO  [o.n.k.i.DiagnosticsManager]: awt.toolkit = sun.awt.X11.XToolkit
2013-12-07 15:15:02.368+0000 INFO  [o.n.k.i.DiagnosticsManager]: file.separator = /
2013-12-07 15:15:02.368+0000 INFO  [o.n.k.i.DiagnosticsManager]: sun.io.unicode.encoding = UnicodeLittle
2013-12-07 15:15:02.368+0000 INFO  [o.n.k.i.DiagnosticsManager]: sun.cpu.endian = little
2013-12-07 15:15:02.368+0000 INFO  [o.n.k.i.DiagnosticsManager]: sun.desktop = gnome
2013-12-07 15:15:02.369+0000 INFO  [o.n.k.i.DiagnosticsManager]: sun.cpu.isalist = 
2013-12-07 15:15:02.369+0000 INFO  [o.n.k.i.DiagnosticsManager]: Linux scheduler information:
2013-12-07 15:15:02.369+0000 INFO  [o.n.k.i.DiagnosticsManager]: noop [deadline] cfq 
2013-12-07 15:15:02.370+0000 INFO  [o.n.k.i.DiagnosticsManager]: noop [deadline] cfq 
2013-12-07 15:15:02.370+0000 INFO  [o.n.k.i.DiagnosticsManager]: noop [deadline] cfq 
2013-12-07 15:15:02.370+0000 INFO  [o.n.k.i.DiagnosticsManager]: none
2013-12-07 15:15:02.370+0000 INFO  [o.n.k.i.DiagnosticsManager]: none
2013-12-07 15:15:02.371+0000 INFO  [o.n.k.i.DiagnosticsManager]: none
2013-12-07 15:15:02.371+0000 INFO  [o.n.k.i.DiagnosticsManager]: none
2013-12-07 15:15:02.371+0000 INFO  [o.n.k.i.DiagnosticsManager]: none
2013-12-07 15:15:02.371+0000 INFO  [o.n.k.i.DiagnosticsManager]: none
2013-12-07 15:15:02.372+0000 INFO  [o.n.k.i.DiagnosticsManager]: none
2013-12-07 15:15:02.372+0000 INFO  [o.n.k.i.DiagnosticsManager]: none
2013-12-07 15:15:02.372+0000 INFO  [o.n.k.i.DiagnosticsManager]: none
2013-12-07 15:15:02.372+0000 INFO  [o.n.k.i.DiagnosticsManager]: none
2013-12-07 15:15:02.373+0000 INFO  [o.n.k.i.DiagnosticsManager]: none
2013-12-07 15:15:02.373+0000 INFO  [o.n.k.i.DiagnosticsManager]: none
2013-12-07 15:15:02.373+0000 INFO  [o.n.k.i.DiagnosticsManager]: none
2013-12-07 15:15:02.373+0000 INFO  [o.n.k.i.DiagnosticsManager]: none
2013-12-07 15:15:02.374+0000 INFO  [o.n.k.i.DiagnosticsManager]: none
2013-12-07 15:15:02.374+0000 INFO  [o.n.k.i.DiagnosticsManager]: none
2013-12-07 15:15:02.374+0000 INFO  [o.n.k.i.DiagnosticsManager]: none
2013-12-07 15:15:02.374+0000 INFO  [o.n.k.i.DiagnosticsManager]: none
2013-12-07 15:15:02.375+0000 INFO  [o.n.k.i.DiagnosticsManager]: none
2013-12-07 15:15:02.375+0000 INFO  [o.n.k.i.DiagnosticsManager]: none
2013-12-07 15:15:02.375+0000 INFO  [o.n.k.i.DiagnosticsManager]: none
2013-12-07 15:15:02.375+0000 INFO  [o.n.k.i.DiagnosticsManager]: none
2013-12-07 15:15:02.376+0000 INFO  [o.n.k.i.DiagnosticsManager]: none
2013-12-07 15:15:02.376+0000 INFO  [o.n.k.i.DiagnosticsManager]: none
2013-12-07 15:15:02.376+0000 INFO  [o.n.k.i.DiagnosticsManager]: Network information:
2013-12-07 15:15:02.377+0000 INFO  [o.n.k.i.DiagnosticsManager]: Interface eth0:
2013-12-07 15:15:02.377+0000 INFO  [o.n.k.i.DiagnosticsManager]:     address: fe80:0:0:0:20c:29ff:fe03:b624%2
2013-12-07 15:15:02.377+0000 INFO  [o.n.k.i.DiagnosticsManager]:     address: 192.168.10.81
2013-12-07 15:15:02.377+0000 INFO  [o.n.k.i.DiagnosticsManager]: Interface lo:
2013-12-07 15:15:02.377+0000 INFO  [o.n.k.i.DiagnosticsManager]:     address: 0:0:0:0:0:0:0:1%1
2013-12-07 15:15:02.377+0000 INFO  [o.n.k.i.DiagnosticsManager]:     address: 127.0.0.1
2013-12-07 15:15:02.377+0000 INFO  [o.n.k.i.DiagnosticsManager]: --- INITIALIZED diagnostics END ---
2013-12-07 15:15:02.432+0000 INFO  [o.n.k.i.n.s.StoreFactory]: /home/pdipietro/myapp/db/ha_neo_2/temp-copy/neostore.relationshiptypestore.db.names non clean shutdown detected
2013-12-07 15:15:02.432+0000 INFO  [o.n.k.i.n.s.StoreFactory]: [/home/pdipietro/myapp/db/ha_neo_2/temp-copy/neostore.relationshiptypestore.db.names] brickCount=0 brickSize=0b mappedMem=0b (storeSize=114b)
2013-12-07 15:15:02.433+0000 INFO  [o.n.k.i.n.s.StoreFactory]: /home/pdipietro/myapp/db/ha_neo_2/temp-copy/neostore.relationshiptypestore.db non clean shutdown detected
2013-12-07 15:15:02.433+0000 INFO  [o.n.k.i.n.s.StoreFactory]: [/home/pdipietro/myapp/db/ha_neo_2/temp-copy/neostore.relationshiptypestore.db] brickCount=0 brickSize=0b mappedMem=0b (storeSize=10b)
2013-12-07 15:15:02.433+0000 INFO  [o.n.k.i.n.s.StoreFactory]: /home/pdipietro/myapp/db/ha_neo_2/temp-copy/neostore.propertystore.db.strings non clean shutdown detected
2013-12-07 15:15:02.433+0000 INFO  [o.n.k.i.n.s.StoreFactory]: [/home/pdipietro/myapp/db/ha_neo_2/temp-copy/neostore.propertystore.db.strings] brickCount=1 brickSize=1445888b mappedMem=1445986304b (storeSize=1445888b)
2013-12-07 15:15:02.434+0000 INFO  [o.n.k.i.n.s.StoreFactory]: /home/pdipietro/myapp/db/ha_neo_2/temp-copy/neostore.propertystore.db.index.keys non clean shutdown detected
2013-12-07 15:15:02.434+0000 INFO  [o.n.k.i.n.s.StoreFactory]: [/home/pdipietro/myapp/db/ha_neo_2/temp-copy/neostore.propertystore.db.index.keys] brickCount=0 brickSize=0b mappedMem=0b (storeSize=380b)
2013-12-07 15:15:02.435+0000 INFO  [o.n.k.i.n.s.StoreFactory]: /home/pdipietro/myapp/db/ha_neo_2/temp-copy/neostore.propertystore.db.index non clean shutdown detected
2013-12-07 15:15:02.435+0000 INFO  [o.n.k.i.n.s.StoreFactory]: [/home/pdipietro/myapp/db/ha_neo_2/temp-copy/neostore.propertystore.db.index] brickCount=0 brickSize=0b mappedMem=0b (storeSize=81b)
2013-12-07 15:15:02.436+0000 INFO  [o.n.k.i.n.s.StoreFactory]: /home/pdipietro/myapp/db/ha_neo_2/temp-copy/neostore.propertystore.db.arrays non clean shutdown detected
2013-12-07 15:15:02.436+0000 INFO  [o.n.k.i.n.s.StoreFactory]: [/home/pdipietro/myapp/db/ha_neo_2/temp-copy/neostore.propertystore.db.arrays] brickCount=0 brickSize=1638912b mappedMem=1638924288b (storeSize=128b)
2013-12-07 15:15:02.444+0000 INFO  [o.n.k.i.n.s.StoreFactory]: /home/pdipietro/myapp/db/ha_neo_2/temp-copy/neostore.propertystore.db non clean shutdown detected
2013-12-07 15:15:02.444+0000 INFO  [o.n.k.i.n.s.StoreFactory]: [/home/pdipietro/myapp/db/ha_neo_2/temp-copy/neostore.propertystore.db] brickCount=10 brickSize=1701828b mappedMem=1701838848b (storeSize=17018362b)
2013-12-07 15:15:02.445+0000 INFO  [o.n.k.i.n.s.StoreFactory]: /home/pdipietro/myapp/db/ha_neo_2/temp-copy/neostore.relationshipstore.db non clean shutdown detected
2013-12-07 15:15:02.445+0000 INFO  [o.n.k.i.n.s.StoreFactory]: [/home/pdipietro/myapp/db/ha_neo_2/temp-copy/neostore.relationshipstore.db] brickCount=10 brickSize=2084544b mappedMem=2084569088b (storeSize=20845671b)
2013-12-07 15:15:02.445+0000 INFO  [o.n.k.i.n.s.StoreFactory]: /home/pdipietro/myapp/db/ha_neo_2/temp-copy/neostore.nodestore.db non clean shutdown detected
2013-12-07 15:15:02.445+0000 INFO  [o.n.k.i.n.s.StoreFactory]: [/home/pdipietro/myapp/db/ha_neo_2/temp-copy/neostore.nodestore.db] brickCount=1 brickSize=471852b mappedMem=471859200b (storeSize=471852b)
2013-12-07 15:15:02.446+0000 INFO  [o.n.k.i.n.s.StoreFactory]: /home/pdipietro/myapp/db/ha_neo_2/temp-copy/neostore non clean shutdown detected
2013-12-07 15:15:02.446+0000 INFO  [o.n.k.i.n.s.StoreFactory]: [/home/pdipietro/myapp/db/ha_neo_2/temp-copy/neostore] brickCount=0 brickSize=0b mappedMem=0b (storeSize=54b)
2013-12-07 15:15:02.447+0000 INFO  [o.n.k.i.t.x.XaLogicalLog]: Opened logical log [/home/pdipietro/myapp/db/ha_neo_2/temp-copy/nioneo_logical.log.1] version=2, lastTxId=5 (clean)
2013-12-07 15:15:02.459+0000 INFO  [o.n.k.i.n.s.StoreFactory]: /home/pdipietro/myapp/db/ha_neo_2/temp-copy/neostore.relationshiptypestore.db.names rebuild id generator, highId=3 defragged count=0
2013-12-07 15:15:02.478+0000 INFO  [o.n.k.i.n.s.StoreFactory]: /home/pdipietro/myapp/db/ha_neo_2/temp-copy/neostore.propertystore.db.index.keys rebuild id generator, highId=10 defragged count=0
2013-12-07 15:15:02.484+0000 INFO  [o.n.k.i.n.s.StoreFactory]: /home/pdipietro/myapp/db/ha_neo_2/temp-copy/neostore.propertystore.db.index rebuild id generator, highId=9 defragged count=0
2013-12-07 15:15:02.650+0000 INFO  [o.n.k.i.n.s.StoreFactory]: /home/pdipietro/myapp/db/ha_neo_2/temp-copy/neostore.propertystore.db.strings rebuild id generator, highId=3 defragged count=0
2013-12-07 15:15:02.716+0000 INFO  [o.n.k.i.n.s.StoreFactory]: /home/pdipietro/myapp/db/ha_neo_2/temp-copy/neostore.propertystore.db.arrays rebuild id generator, highId=1 defragged count=0
2013-12-07 15:15:03.455+0000 INFO  [o.n.k.i.n.s.StoreFactory]: /home/pdipietro/myapp/db/ha_neo_2/temp-copy/neostore.propertystore.db rebuild id generator, highId=9 defragged count=0
2013-12-07 15:15:04.333+0000 INFO  [o.n.k.i.n.s.StoreFactory]: /home/pdipietro/myapp/db/ha_neo_2/temp-copy/neostore.relationshipstore.db rebuild id generator, highId=3 defragged count=0
2013-12-07 15:15:04.405+0000 INFO  [o.n.k.i.n.s.StoreFactory]: /home/pdipietro/myapp/db/ha_neo_2/temp-copy/neostore.nodestore.db rebuild id generator, highId=4 defragged count=0
2013-12-07 15:15:04.410+0000 INFO  [o.n.k.i.n.s.StoreFactory]: /home/pdipietro/myapp/db/ha_neo_2/temp-copy/neostore rebuild id generator, highId=6 defragged count=0
2013-12-07 15:15:04.412+0000 INFO  [o.n.k.i.t.TxManager]: TM new log: tm_tx_log.1
2013-12-07 15:15:04.462+0000 INFO  [o.n.b.BackupServer]: BackupServer communication server started and bound to 0.0.0.0/0.0.0.0:6363
2013-12-07 15:15:04.463+0000 INFO  [o.n.k.i.t.x.XaLogicalLog]: Opened logical log [/home/pdipietro/myapp/db/ha_neo_2/temp-copy/index/lucene.log.1] version=2, lastTxId=4 (clean)
2013-12-07 15:15:04.517+0000 INFO  [o.n.k.i.DiagnosticsManager]: --- STARTED diagnostics for KernelDiagnostics:Versions START ---
2013-12-07 15:15:04.517+0000 INFO  [o.n.k.i.DiagnosticsManager]: Graph Database: org.neo4j.kernel.EmbeddedGraphDatabase StoreId[time:1386428545161, id:6196898570795847471, store version: 13561656364791302]
2013-12-07 15:15:04.517+0000 INFO  [o.n.k.i.DiagnosticsManager]: Kernel version: Neo4j - Graph Database Kernel 1.9.5
2013-12-07 15:15:04.517+0000 INFO  [o.n.k.i.DiagnosticsManager]: Neo4j component versions:
2013-12-07 15:15:04.519+0000 INFO  [o.n.k.i.DiagnosticsManager]:   Neo4j - Graph Database Kernel 1.9.5
2013-12-07 15:15:04.520+0000 INFO  [o.n.k.i.DiagnosticsManager]: --- STARTED diagnostics for KernelDiagnostics:Versions END ---
2013-12-07 15:15:04.524+0000 INFO  [o.n.k.i.DiagnosticsManager]: --- STARTED diagnostics for NEO_STORE_VERSIONS START ---
2013-12-07 15:15:04.525+0000 INFO  [o.n.k.i.DiagnosticsManager]: Store versions:
2013-12-07 15:15:04.525+0000 INFO  [o.n.k.i.DiagnosticsManager]: Store versions:
2013-12-07 15:15:04.525+0000 INFO  [o.n.k.i.DiagnosticsManager]:   NeoStore v0.A.0
2013-12-07 15:15:04.525+0000 INFO  [o.n.k.i.DiagnosticsManager]:   NodeStore v0.A.0
2013-12-07 15:15:04.525+0000 INFO  [o.n.k.i.DiagnosticsManager]:   RelationshipStore v0.A.0
2013-12-07 15:15:04.525+0000 INFO  [o.n.k.i.DiagnosticsManager]:   RelationshipTypeStore v0.A.0
2013-12-07 15:15:04.525+0000 INFO  [o.n.k.i.DiagnosticsManager]:   PropertyStore v0.A.0
2013-12-07 15:15:04.525+0000 INFO  [o.n.k.i.DiagnosticsManager]:   PropertyIndexStore v0.A.0
2013-12-07 15:15:04.525+0000 INFO  [o.n.k.i.DiagnosticsManager]:   StringPropertyStore v0.A.0
2013-12-07 15:15:04.526+0000 INFO  [o.n.k.i.DiagnosticsManager]:   ArrayPropertyStore v0.A.0
2013-12-07 15:15:04.526+0000 INFO  [o.n.k.i.DiagnosticsManager]: --- STARTED diagnostics for NEO_STORE_VERSIONS END ---
2013-12-07 15:15:04.526+0000 INFO  [o.n.k.i.DiagnosticsManager]: --- STARTED diagnostics for NEO_STORE_ID_USAGE START ---
2013-12-07 15:15:04.526+0000 INFO  [o.n.k.i.DiagnosticsManager]: Id usage:
2013-12-07 15:15:04.526+0000 INFO  [o.n.k.i.DiagnosticsManager]: Id usage:
2013-12-07 15:15:04.527+0000 INFO  [o.n.k.i.DiagnosticsManager]:   NodeStore: used=52428 high=52427
2013-12-07 15:15:04.527+0000 INFO  [o.n.k.i.DiagnosticsManager]:   RelationshipStore: used=631687 high=631686
2013-12-07 15:15:04.527+0000 INFO  [o.n.k.i.DiagnosticsManager]:   RelationshipTypeStore: used=2 high=1
2013-12-07 15:15:04.527+0000 INFO  [o.n.k.i.DiagnosticsManager]:   PropertyStore: used=415082 high=415081
2013-12-07 15:15:04.528+0000 INFO  [o.n.k.i.DiagnosticsManager]:   PropertyIndexStore: used=9 high=8
2013-12-07 15:15:04.528+0000 INFO  [o.n.k.i.DiagnosticsManager]:   StringPropertyStore: used=11296 high=11295
2013-12-07 15:15:04.528+0000 INFO  [o.n.k.i.DiagnosticsManager]:   ArrayPropertyStore: used=1 high=0
2013-12-07 15:15:04.528+0000 INFO  [o.n.k.i.DiagnosticsManager]: --- STARTED diagnostics for NEO_STORE_ID_USAGE END ---
2013-12-07 15:15:04.528+0000 INFO  [o.n.k.i.DiagnosticsManager]: --- STARTED diagnostics for PERSISTENCE_WINDOW_POOL_STATS START ---
2013-12-07 15:15:04.528+0000 INFO  [o.n.k.i.DiagnosticsManager]: --- STARTED diagnostics for PERSISTENCE_WINDOW_POOL_STATS END ---
2013-12-07 15:15:04.529+0000 INFO  [o.n.k.i.DiagnosticsManager]: --- STARTED diagnostics for KernelDiagnostics:StoreFiles START ---
2013-12-07 15:15:04.529+0000 INFO  [o.n.k.i.DiagnosticsManager]: Disk space on partition (Total / Free / Free %): 25230176256 / 18460155904 / 73
Storage files: (filename : modification date - size)
2013-12-07 15:15:04.530+0000 INFO  [o.n.k.i.DiagnosticsManager]:   nioneo_logical.log.v0: 2013-12-07T16:15:01+0100 - 16.00 B
2013-12-07 15:15:04.531+0000 INFO  [o.n.k.i.DiagnosticsManager]:   neostore.propertystore.db.index.id: 2013-12-07T16:15:02+0100 - 9.00 B
2013-12-07 15:15:04.532+0000 INFO  [o.n.k.i.DiagnosticsManager]:   neostore.propertystore.db.index: 2013-12-07T16:15:01+0100 - 81.00 B
2013-12-07 15:15:04.532+0000 INFO  [o.n.k.i.DiagnosticsManager]:   neostore.propertystore.db.index.keys: 2013-12-07T16:15:01+0100 - 380.00 B
2013-12-07 15:15:04.532+0000 INFO  [o.n.k.i.DiagnosticsManager]:   tm_tx_log.1: 2013-12-07T16:15:04+0100 - 0.00 B
2013-12-07 15:15:04.533+0000 INFO  [o.n.k.i.DiagnosticsManager]:   lock: 2013-12-07T16:15:02+0100 - 0.00 B
2013-12-07 15:15:04.533+0000 INFO  [o.n.k.i.DiagnosticsManager]:   neostore.propertystore.db.arrays.id: 2013-12-07T16:15:02+0100 - 9.00 B
2013-12-07 15:15:04.534+0000 INFO  [o.n.k.i.DiagnosticsManager]:   neostore.nodestore.db.id: 2013-12-07T16:15:04+0100 - 9.00 B
2013-12-07 15:15:04.534+0000 INFO  [o.n.k.i.DiagnosticsManager]:   nioneo_logical.log.1: 2013-12-07T16:15:02+0100 - 16.00 B
2013-12-07 15:15:04.535+0000 INFO  [o.n.k.i.DiagnosticsManager]:   neostore.relationshiptypestore.db.names: 2013-12-07T16:15:01+0100 - 114.00 B
2013-12-07 15:15:04.535+0000 INFO  [o.n.k.i.DiagnosticsManager]:   neostore.propertystore.db: 2013-12-07T16:15:02+0100 - 16.23 MB
2013-12-07 15:15:04.536+0000 INFO  [o.n.k.i.DiagnosticsManager]:   index.db: 2013-12-07T16:15:02+0100 - 113.00 B
2013-12-07 15:15:04.536+0000 INFO  [o.n.k.i.DiagnosticsManager]:   nioneo_logical.log.active: 2013-12-07T16:15:02+0100 - 4.00 B
2013-12-07 15:15:04.537+0000 INFO  [o.n.k.i.DiagnosticsManager]:   neostore.relationshiptypestore.db.names.id: 2013-12-07T16:15:02+0100 - 9.00 B
2013-12-07 15:15:04.537+0000 INFO  [o.n.k.i.DiagnosticsManager]:   neostore: 2013-12-07T16:15:02+0100 - 54.00 B
2013-12-07 15:15:04.538+0000 INFO  [o.n.k.i.DiagnosticsManager]:   active_tx_log: 2013-12-07T16:15:04+0100 - 11.00 B
2013-12-07 15:15:04.538+0000 INFO  [o.n.k.i.DiagnosticsManager]:   neostore.propertystore.db.strings: 2013-12-07T16:15:02+0100 - 1.38 MB
2013-12-07 15:15:04.539+0000 INFO  [o.n.k.i.DiagnosticsManager]:   neostore.propertystore.db.arrays: 2013-12-07T16:15:02+0100 - 128.00 B
2013-12-07 15:15:04.539+0000 INFO  [o.n.k.i.DiagnosticsManager]:   store_lock: 2013-12-07T16:15:02+0100 - 0.00 B
2013-12-07 15:15:04.540+0000 INFO  [o.n.k.i.DiagnosticsManager]:   neostore.relationshiptypestore.db: 2013-12-07T16:15:02+0100 - 10.00 B
2013-12-07 15:15:04.540+0000 INFO  [o.n.k.i.DiagnosticsManager]:   neostore.propertystore.db.id: 2013-12-07T16:15:03+0100 - 9.00 B
2013-12-07 15:15:04.541+0000 INFO  [o.n.k.i.DiagnosticsManager]:   neostore.propertystore.db.strings.id: 2013-12-07T16:15:02+0100 - 9.00 B
2013-12-07 15:15:04.541+0000 INFO  [o.n.k.i.DiagnosticsManager]:   neostore.relationshipstore.db: 2013-12-07T16:15:02+0100 - 19.88 MB
2013-12-07 15:15:04.542+0000 INFO  [o.n.k.i.DiagnosticsManager]:   messages.log: 2013-12-07T16:15:04+0100 - 33.66 kB
2013-12-07 15:15:04.542+0000 INFO  [o.n.k.i.DiagnosticsManager]:   nioneo_logical.log.v1: 2013-12-07T16:15:02+0100 - 2.33 kB
2013-12-07 15:15:04.542+0000 INFO  [o.n.k.i.DiagnosticsManager]:   neostore.propertystore.db.index.keys.id: 2013-12-07T16:15:02+0100 - 9.00 B
2013-12-07 15:15:04.543+0000 INFO  [o.n.k.i.DiagnosticsManager]:   neostore.relationshiptypestore.db.id: 2013-12-07T16:15:02+0100 - 9.00 B
2013-12-07 15:15:04.544+0000 INFO  [o.n.k.i.DiagnosticsManager]:   neostore.id: 2013-12-07T16:15:04+0100 - 9.00 B
2013-12-07 15:15:04.544+0000 INFO  [o.n.k.i.DiagnosticsManager]:   neostore.nodestore.db: 2013-12-07T16:15:02+0100 - 460.79 kB
2013-12-07 15:15:04.544+0000 INFO  [o.n.k.i.DiagnosticsManager]:   neostore.relationshipstore.db.id: 2013-12-07T16:15:04+0100 - 9.00 B
2013-12-07 15:15:04.544+0000 INFO  [o.n.k.i.DiagnosticsManager]:   index:
2013-12-07 15:15:04.544+0000 INFO  [o.n.k.i.DiagnosticsManager]:     lucene:
2013-12-07 15:15:04.545+0000 INFO  [o.n.k.i.DiagnosticsManager]:       node:
2013-12-07 15:15:04.545+0000 INFO  [o.n.k.i.DiagnosticsManager]:         User_exact:
2013-12-07 15:15:04.545+0000 INFO  [o.n.k.i.DiagnosticsManager]:           _1.fdt: 2013-12-07T16:15:01+0100 - 41.00 B
2013-12-07 15:15:04.546+0000 INFO  [o.n.k.i.DiagnosticsManager]:           _0.fdx: 2013-12-07T16:15:01+0100 - 12.00 B
2013-12-07 15:15:04.546+0000 INFO  [o.n.k.i.DiagnosticsManager]:           segments_1: 2013-12-07T16:15:01+0100 - 468.00 B
2013-12-07 15:15:04.546+0000 INFO  [o.n.k.i.DiagnosticsManager]:           _0.frq: 2013-12-07T16:15:01+0100 - 3.00 B
2013-12-07 15:15:04.546+0000 INFO  [o.n.k.i.DiagnosticsManager]:           _1.tis: 2013-12-07T16:15:01+0100 - 62.00 B
2013-12-07 15:15:04.547+0000 INFO  [o.n.k.i.DiagnosticsManager]:           _1.frq: 2013-12-07T16:15:01+0100 - 3.00 B
2013-12-07 15:15:04.547+0000 INFO  [o.n.k.i.DiagnosticsManager]:           _1.fdx: 2013-12-07T16:15:01+0100 - 12.00 B
2013-12-07 15:15:04.547+0000 INFO  [o.n.k.i.DiagnosticsManager]:           _1.fnm: 2013-12-07T16:15:01+0100 - 30.00 B
2013-12-07 15:15:04.548+0000 INFO  [o.n.k.i.DiagnosticsManager]:           _0.nrm: 2013-12-07T16:15:01+0100 - 5.00 B
2013-12-07 15:15:04.548+0000 INFO  [o.n.k.i.DiagnosticsManager]:           _0.fdt: 2013-12-07T16:15:01+0100 - 45.00 B
2013-12-07 15:15:04.548+0000 INFO  [o.n.k.i.DiagnosticsManager]:           _0.fnm: 2013-12-07T16:15:01+0100 - 30.00 B
2013-12-07 15:15:04.549+0000 INFO  [o.n.k.i.DiagnosticsManager]:           _1.tii: 2013-12-07T16:15:01+0100 - 35.00 B
2013-12-07 15:15:04.549+0000 INFO  [o.n.k.i.DiagnosticsManager]:           _0.tis: 2013-12-07T16:15:01+0100 - 64.00 B
2013-12-07 15:15:04.549+0000 INFO  [o.n.k.i.DiagnosticsManager]:           _0.tii: 2013-12-07T16:15:01+0100 - 35.00 B
2013-12-07 15:15:04.550+0000 INFO  [o.n.k.i.DiagnosticsManager]:           _1.nrm: 2013-12-07T16:15:01+0100 - 5.00 B
2013-12-07 15:15:04.550+0000 INFO  [o.n.k.i.DiagnosticsManager]:           _1.prx: 2013-12-07T16:15:01+0100 - 3.00 B
2013-12-07 15:15:04.550+0000 INFO  [o.n.k.i.DiagnosticsManager]:           _0.prx: 2013-12-07T16:15:01+0100 - 3.00 B
2013-12-07 15:15:04.550+0000 INFO  [o.n.k.i.DiagnosticsManager]:         - Total: 2013-12-07T16:15:01+0100 - 856.00 B
2013-12-07 15:15:04.551+0000 INFO  [o.n.k.i.DiagnosticsManager]:       - Total: 2013-12-07T16:15:01+0100 - 856.00 B
2013-12-07 15:15:04.551+0000 INFO  [o.n.k.i.DiagnosticsManager]:     - Total: 2013-12-07T16:15:01+0100 - 856.00 B
2013-12-07 15:15:04.552+0000 INFO  [o.n.k.i.DiagnosticsManager]:     lucene-store.db: 2013-12-07T16:15:01+0100 - 40.00 B
2013-12-07 15:15:04.552+0000 INFO  [o.n.k.i.DiagnosticsManager]:     lucene.log.1: 2013-12-07T16:15:04+0100 - 16.00 B
2013-12-07 15:15:04.552+0000 INFO  [o.n.k.i.DiagnosticsManager]:     lucene.log.active: 2013-12-07T16:15:04+0100 - 4.00 B
2013-12-07 15:15:04.552+0000 INFO  [o.n.k.i.DiagnosticsManager]:   - Total: 2013-12-07T16:15:04+0100 - 916.00 B
2013-12-07 15:15:04.553+0000 INFO  [o.n.k.i.DiagnosticsManager]: --- STARTED diagnostics for KernelDiagnostics:StoreFiles END ---
2013-12-07 15:15:04.554+0000 INFO  [o.n.k.EmbeddedGraphDatabase]: GC Monitor started. 
2013-12-07 15:15:04.558+0000 INFO  [o.n.k.EmbeddedGraphDatabase]: Database is now ready
2013-12-07 15:15:04.564+0000 INFO  [o.n.k.EmbeddedGraphDatabase]: Shutdown started
2013-12-07 15:15:04.565+0000 INFO  [o.n.k.EmbeddedGraphDatabase]: Database is no longer ready
2013-12-07 15:15:04.565+0000 INFO  [o.n.k.EmbeddedGraphDatabase]: GC Monitor stopped. 
2013-12-07 15:15:04.576+0000 INFO  [o.n.k.i.t.x.XaLogicalLog]: Closed log /home/pdipietro/myapp/db/ha_neo_2/temp-copy/index/lucene.log
2013-12-07 15:15:04.589+0000 INFO  [o.n.k.i.t.TxManager]: TM shutting down
2013-12-07 15:15:06.189+0000 INFO  [o.n.k.i.t.x.XaLogicalLog]: Closed log /home/pdipietro/myapp/db/ha_neo_2/temp-copy/nioneo_logical.log
2013-12-07 15:15:06.191+0000 INFO  [o.n.k.i.n.s.StoreFactory]: /home/pdipietro/myapp/db/ha_neo_2/temp-copy/neostore.relationshiptypestore.db.names hit=0 miss=4 switches=0 ooe=0
2013-12-07 15:15:06.216+0000 INFO  [o.n.k.i.n.s.StoreFactory]: /home/pdipietro/myapp/db/ha_neo_2/temp-copy/neostore.relationshiptypestore.db hit=0 miss=2 switches=0 ooe=0
2013-12-07 15:15:06.231+0000 INFO  [o.n.k.i.n.s.StoreFactory]: /home/pdipietro/myapp/db/ha_neo_2/temp-copy/neostore.propertystore.db.strings hit=0 miss=0 switches=0 ooe=0
2013-12-07 15:15:06.249+0000 INFO  [o.n.k.i.n.s.StoreFactory]: /home/pdipietro/myapp/db/ha_neo_2/temp-copy/neostore.propertystore.db.index.keys hit=0 miss=18 switches=0 ooe=0
2013-12-07 15:15:06.264+0000 INFO  [o.n.k.i.n.s.StoreFactory]: /home/pdipietro/myapp/db/ha_neo_2/temp-copy/neostore.propertystore.db.index hit=0 miss=9 switches=0 ooe=0
2013-12-07 15:15:06.279+0000 INFO  [o.n.k.i.n.s.StoreFactory]: /home/pdipietro/myapp/db/ha_neo_2/temp-copy/neostore.propertystore.db.arrays hit=0 miss=0 switches=0 ooe=0
2013-12-07 15:15:06.291+0000 INFO  [o.n.k.i.n.s.StoreFactory]: /home/pdipietro/myapp/db/ha_neo_2/temp-copy/neostore.propertystore.db hit=0 miss=0 switches=0 ooe=0
2013-12-07 15:15:06.304+0000 INFO  [o.n.k.i.n.s.StoreFactory]: /home/pdipietro/myapp/db/ha_neo_2/temp-copy/neostore.relationshipstore.db hit=0 miss=0 switches=0 ooe=0
2013-12-07 15:15:06.321+0000 INFO  [o.n.k.i.n.s.StoreFactory]: /home/pdipietro/myapp/db/ha_neo_2/temp-copy/neostore.nodestore.db hit=0 miss=0 switches=0 ooe=0
2013-12-07 15:15:06.341+0000 INFO  [o.n.k.i.n.s.StoreFactory]: /home/pdipietro/myapp/db/ha_neo_2/temp-copy/neostore hit=0 miss=16 switches=0 ooe=0
2013-12-07 15:15:06.354+0000 INFO  [o.n.k.i.n.x.NeoStoreXaDataSource]: NeoStore closed
2013-12-07 15:15:06.354+0000 INFO  [o.n.k.i.DiagnosticsManager]: --- STOPPING diagnostics START ---
2013-12-07 15:15:06.354+0000 INFO  [o.n.k.i.DiagnosticsManager]: --- STOPPING diagnostics END ---
