2013-11-24 18:28:08.358+0000 INFO  [o.n.k.i.DiagnosticsManager]: --- INITIALIZED diagnostics START ---
2013-11-24 18:28:08.359+0000 INFO  [o.n.k.i.DiagnosticsManager]: Neo4j Kernel properties:
2013-11-24 18:28:08.359+0000 INFO  [o.n.k.i.DiagnosticsManager]: neostore.propertystore.db.mapped_memory=1623M
2013-11-24 18:28:08.359+0000 INFO  [o.n.k.i.DiagnosticsManager]: neostore.nodestore.db.mapped_memory=450M
2013-11-24 18:28:08.359+0000 INFO  [o.n.k.i.DiagnosticsManager]: allow_store_upgrade=false
2013-11-24 18:28:08.359+0000 INFO  [o.n.k.i.DiagnosticsManager]: neostore.relationshipstore.db.mapped_memory=1988M
2013-11-24 18:28:08.359+0000 INFO  [o.n.k.i.DiagnosticsManager]: neostore.propertystore.db.strings.mapped_memory=1379M
2013-11-24 18:28:08.359+0000 INFO  [o.n.k.i.DiagnosticsManager]: store_dir=/home/pdipietro/myapp/db/ha_neo_1/temp-copy
2013-11-24 18:28:08.359+0000 INFO  [o.n.k.i.DiagnosticsManager]: keep_logical_logs=true
2013-11-24 18:28:08.359+0000 INFO  [o.n.k.i.DiagnosticsManager]: neostore.propertystore.db.arrays.mapped_memory=1563M
2013-11-24 18:28:08.360+0000 INFO  [o.n.k.i.DiagnosticsManager]: ephemeral=false
2013-11-24 18:28:08.360+0000 INFO  [o.n.k.i.DiagnosticsManager]: Diagnostics providers:
2013-11-24 18:28:08.360+0000 INFO  [o.n.k.i.DiagnosticsManager]: org.neo4j.kernel.configuration.Config
2013-11-24 18:28:08.360+0000 INFO  [o.n.k.i.DiagnosticsManager]: org.neo4j.kernel.info.DiagnosticsManager
2013-11-24 18:28:08.360+0000 INFO  [o.n.k.i.DiagnosticsManager]: SYSTEM_MEMORY
2013-11-24 18:28:08.360+0000 INFO  [o.n.k.i.DiagnosticsManager]: JAVA_MEMORY
2013-11-24 18:28:08.360+0000 INFO  [o.n.k.i.DiagnosticsManager]: OPERATING_SYSTEM
2013-11-24 18:28:08.360+0000 INFO  [o.n.k.i.DiagnosticsManager]: JAVA_VIRTUAL_MACHINE
2013-11-24 18:28:08.360+0000 INFO  [o.n.k.i.DiagnosticsManager]: CLASSPATH
2013-11-24 18:28:08.360+0000 INFO  [o.n.k.i.DiagnosticsManager]: LIBRARY_PATH
2013-11-24 18:28:08.360+0000 INFO  [o.n.k.i.DiagnosticsManager]: SYSTEM_PROPERTIES
2013-11-24 18:28:08.361+0000 INFO  [o.n.k.i.DiagnosticsManager]: LINUX_SCHEDULERS
2013-11-24 18:28:08.361+0000 INFO  [o.n.k.i.DiagnosticsManager]: NETWORK
2013-11-24 18:28:08.361+0000 INFO  [o.n.k.i.DiagnosticsManager]: NodeCache
2013-11-24 18:28:08.361+0000 INFO  [o.n.k.i.DiagnosticsManager]: RelationshipCache
2013-11-24 18:28:08.361+0000 INFO  [o.n.k.i.DiagnosticsManager]: System memory information:
2013-11-24 18:28:08.362+0000 INFO  [o.n.k.i.DiagnosticsManager]: Total Physical memory: 15.67 GB
2013-11-24 18:28:08.362+0000 INFO  [o.n.k.i.DiagnosticsManager]: Free Physical memory: 12.67 GB
2013-11-24 18:28:08.363+0000 INFO  [o.n.k.i.DiagnosticsManager]: Committed virtual memory: 4.33 GB
2013-11-24 18:28:08.363+0000 INFO  [o.n.k.i.DiagnosticsManager]: Total swap space: 16.00 GB
2013-11-24 18:28:08.363+0000 INFO  [o.n.k.i.DiagnosticsManager]: Free swap space: 16.00 GB
2013-11-24 18:28:08.364+0000 INFO  [o.n.k.i.DiagnosticsManager]: JVM memory information:
2013-11-24 18:28:08.365+0000 INFO  [o.n.k.i.DiagnosticsManager]: Free  memory: 152.15 MB
2013-11-24 18:28:08.365+0000 INFO  [o.n.k.i.DiagnosticsManager]: Total memory: 301.50 MB
2013-11-24 18:28:08.365+0000 INFO  [o.n.k.i.DiagnosticsManager]: Max   memory: 444.50 MB
2013-11-24 18:28:08.365+0000 INFO  [o.n.k.i.DiagnosticsManager]: Garbage Collector: PS Scavenge: [PS Eden Space, PS Survivor Space]
2013-11-24 18:28:08.365+0000 INFO  [o.n.k.i.DiagnosticsManager]: Garbage Collector: PS MarkSweep: [PS Eden Space, PS Survivor Space, PS Old Gen, PS Perm Gen]
2013-11-24 18:28:08.367+0000 INFO  [o.n.k.i.DiagnosticsManager]: Memory Pool: Code Cache (Non-heap memory): committed=3.44 MB, used=3.23 MB, max=48.00 MB, threshold=0.00 B
2013-11-24 18:28:08.368+0000 INFO  [o.n.k.i.DiagnosticsManager]: Memory Pool: PS Eden Space (Heap memory): committed=108.00 MB, used=86.65 MB, max=111.00 MB, threshold=?
2013-11-24 18:28:08.369+0000 INFO  [o.n.k.i.DiagnosticsManager]: Memory Pool: PS Survivor Space (Heap memory): committed=26.50 MB, used=25.36 MB, max=26.50 MB, threshold=?
2013-11-24 18:28:08.370+0000 INFO  [o.n.k.i.DiagnosticsManager]: Memory Pool: PS Old Gen (Heap memory): committed=167.00 MB, used=37.34 MB, max=333.00 MB, threshold=0.00 B
2013-11-24 18:28:08.370+0000 INFO  [o.n.k.i.DiagnosticsManager]: Memory Pool: PS Perm Gen (Non-heap memory): committed=42.50 MB, used=42.28 MB, max=82.00 MB, threshold=0.00 B
2013-11-24 18:28:08.371+0000 INFO  [o.n.k.i.DiagnosticsManager]: Operating system information:
2013-11-24 18:28:08.371+0000 INFO  [o.n.k.i.DiagnosticsManager]: Operating System: Linux; version: 3.11.0-13-generic; arch: amd64; cpus: 8
2013-11-24 18:28:08.371+0000 INFO  [o.n.k.i.DiagnosticsManager]: Max number of file descriptors: 4096
2013-11-24 18:28:08.372+0000 INFO  [o.n.k.i.DiagnosticsManager]: Number of open file descriptors: 141
2013-11-24 18:28:08.372+0000 INFO  [o.n.k.i.DiagnosticsManager]: Process id: 12780@ubuntu
2013-11-24 18:28:08.372+0000 INFO  [o.n.k.i.DiagnosticsManager]: Byte order: LITTLE_ENDIAN
2013-11-24 18:28:08.372+0000 INFO  [o.n.k.i.DiagnosticsManager]: Local timezone: Europe/Rome
2013-11-24 18:28:08.372+0000 INFO  [o.n.k.i.DiagnosticsManager]: JVM information:
2013-11-24 18:28:08.372+0000 INFO  [o.n.k.i.DiagnosticsManager]: VM Name: Java HotSpot(TM) 64-Bit Server VM
2013-11-24 18:28:08.372+0000 INFO  [o.n.k.i.DiagnosticsManager]: VM Vendor: Oracle Corporation
2013-11-24 18:28:08.372+0000 INFO  [o.n.k.i.DiagnosticsManager]: VM Version: 24.45-b08
2013-11-24 18:28:08.372+0000 INFO  [o.n.k.i.DiagnosticsManager]: JIT compiler: HotSpot 64-Bit Tiered Compilers
2013-11-24 18:28:08.373+0000 INFO  [o.n.k.i.DiagnosticsManager]: VM Arguments: [-Djdk.home=, -Djruby.home=/home/pdipietro/.rvm/rubies/jruby-1.7.6, -Djruby.script=jruby, -Djruby.shell=/bin/sh, -Djffi.boot.library.path=/home/pdipietro/.rvm/rubies/jruby-1.7.6/lib/jni:/home/pdipietro/.rvm/rubies/jruby-1.7.6/lib/jni/arm-Linux:/home/pdipietro/.rvm/rubies/jruby-1.7.6/lib/jni/i386-Linux:/home/pdipietro/.rvm/rubies/jruby-1.7.6/lib/jni/x86_64-Linux, -Xmx500m, -Xss2048k, -Xbootclasspath/a:/home/pdipietro/.rvm/rubies/jruby-1.7.6/lib/jruby.jar]
2013-11-24 18:28:08.374+0000 INFO  [o.n.k.i.DiagnosticsManager]: Java classpath:
2013-11-24 18:28:08.376+0000 INFO  [o.n.k.i.DiagnosticsManager]:  [loader.0] file:/home/pdipietro/.rvm/gems/jruby-1.7.6/gems/json-1.8.1-java/lib/json/ext/parser.jar
2013-11-24 18:28:08.377+0000 INFO  [o.n.k.i.DiagnosticsManager]:  [loader.0] file:/home/pdipietro/.rvm/gems/jruby-1.7.6/gems/neo4j-enterprise-1.9.5-java/lib/neo4j-enterprise/jars/neo4j-com-1.9.5.jar
2013-11-24 18:28:08.377+0000 INFO  [o.n.k.i.DiagnosticsManager]:  [loader.0] file:/home/pdipietro/.rvm/gems/jruby-1.7.6/gems/json-1.8.1-java/lib/json/ext/generator.jar
2013-11-24 18:28:08.377+0000 INFO  [o.n.k.i.DiagnosticsManager]:  [loader.0] file:/home/pdipietro/.rvm/gems/jruby-1.7.6/gems/neo4j-community-1.9.5-java/lib/neo4j-community/jars/concurrentlinkedhashmap-lru-1.3.1.jar
2013-11-24 18:28:08.377+0000 INFO  [o.n.k.i.DiagnosticsManager]:  [loader.0] file:/home/pdipietro/.rvm/gems/jruby-1.7.6/gems/neo4j-enterprise-1.9.5-java/lib/neo4j-enterprise/jars/zookeeper-3.3.2.jar
2013-11-24 18:28:08.377+0000 INFO  [o.n.k.i.DiagnosticsManager]:  [loader.0] file:/home/pdipietro/.rvm/gems/jruby-1.7.6/gems/neo4j-enterprise-1.9.5-java/lib/neo4j-enterprise/jars/server-api-1.9.5.jar
2013-11-24 18:28:08.377+0000 INFO  [o.n.k.i.DiagnosticsManager]:  [bootstrap] /usr/lib/jvm/jdk1.7.0_45/jre/lib/charsets.jar
2013-11-24 18:28:08.377+0000 INFO  [o.n.k.i.DiagnosticsManager]:  [loader.0] file:/home/pdipietro/.rvm/gems/jruby-1.7.6/gems/neo4j-enterprise-1.9.5-java/lib/neo4j-enterprise/jars/slf4j-api-1.6.2.jar
2013-11-24 18:28:08.377+0000 INFO  [o.n.k.i.DiagnosticsManager]:  [bootstrap] /usr/lib/jvm/jdk1.7.0_45/jre/lib/sunrsasign.jar
2013-11-24 18:28:08.377+0000 INFO  [o.n.k.i.DiagnosticsManager]:  [loader.0] file:/home/pdipietro/.rvm/rubies/jruby-1.7.6/lib/ruby/shared/kryptcore.jar
2013-11-24 18:28:08.377+0000 INFO  [o.n.k.i.DiagnosticsManager]:  [loader.0] file:/home/pdipietro/.rvm/gems/jruby-1.7.6/gems/neo4j-community-1.9.5-java/lib/neo4j-community/jars/server-api-1.9.5.jar
2013-11-24 18:28:08.377+0000 INFO  [o.n.k.i.DiagnosticsManager]:  [loader.2] file:/usr/lib/jvm/jdk1.7.0_45/jre/lib/ext/sunec.jar
2013-11-24 18:28:08.378+0000 INFO  [o.n.k.i.DiagnosticsManager]:  [loader.0] file:/home/pdipietro/.rvm/gems/jruby-1.7.6/gems/neo4j-community-1.9.5-java/lib/neo4j-community/jars/neo4j-lucene-index-1.9.5.jar
2013-11-24 18:28:08.378+0000 INFO  [o.n.k.i.DiagnosticsManager]:  [loader.2] file:/usr/lib/jvm/jdk1.7.0_45/jre/lib/ext/localedata.jar
2013-11-24 18:28:08.378+0000 INFO  [o.n.k.i.DiagnosticsManager]:  [loader.0] file:/home/pdipietro/.rvm/gems/jruby-1.7.6/gems/neo4j-community-1.9.5-java/lib/neo4j-community/jars/neo4j-cypher-1.9.5.jar
2013-11-24 18:28:08.378+0000 INFO  [o.n.k.i.DiagnosticsManager]:  [loader.0] file:/home/pdipietro/.rvm/gems/jruby-1.7.6/gems/therubyrhino_jar-1.7.4/jar/rhino-1.7R4.jar
2013-11-24 18:28:08.378+0000 INFO  [o.n.k.i.DiagnosticsManager]:  [loader.0] file:/home/pdipietro/.rvm/gems/jruby-1.7.6/gems/neo4j-enterprise-1.9.5-java/lib/neo4j-enterprise/jars/log4j-1.2.16.jar
2013-11-24 18:28:08.378+0000 INFO  [o.n.k.i.DiagnosticsManager]:  [loader.0] file:/home/pdipietro/.rvm/gems/jruby-1.7.6/gems/neo4j-enterprise-1.9.5-java/lib/neo4j-enterprise/jars/logback-core-0.9.30.jar
2013-11-24 18:28:08.378+0000 INFO  [o.n.k.i.DiagnosticsManager]:  [loader.0] file:/home/pdipietro/.rvm/gems/jruby-1.7.6/gems/neo4j-community-1.9.5-java/lib/neo4j-community/jars/neo4j-jmx-1.9.5.jar
2013-11-24 18:28:08.378+0000 INFO  [o.n.k.i.DiagnosticsManager]:  [loader.2] file:/usr/lib/jvm/jdk1.7.0_45/jre/lib/ext/dnsns.jar
2013-11-24 18:28:08.378+0000 INFO  [o.n.k.i.DiagnosticsManager]:  [loader.0] file:/home/pdipietro/.rvm/gems/jruby-1.7.6/gems/neo4j-advanced-1.9.5-java/lib/neo4j-advanced/jars/neo4j-management-1.9.5.jar
2013-11-24 18:28:08.378+0000 INFO  [o.n.k.i.DiagnosticsManager]:  [bootstrap] /usr/lib/jvm/jdk1.7.0_45/jre/lib/jsse.jar
2013-11-24 18:28:08.378+0000 INFO  [o.n.k.i.DiagnosticsManager]:  [loader.0] file:/home/pdipietro/.rvm/gems/jruby-1.7.6/gems/neo4j-community-1.9.5-java/lib/neo4j-community/jars/neo4j-graph-algo-1.9.5.jar
2013-11-24 18:28:08.378+0000 INFO  [o.n.k.i.DiagnosticsManager]:  [loader.0] file:/home/pdipietro/.rvm/gems/jruby-1.7.6@global/gems/bouncy-castle-java-1.5.0147/lib/bcpkix-jdk15on-147.jar
2013-11-24 18:28:08.378+0000 INFO  [o.n.k.i.DiagnosticsManager]:  [loader.2] file:/usr/lib/jvm/jdk1.7.0_45/jre/lib/ext/sunjce_provider.jar
2013-11-24 18:28:08.378+0000 INFO  [o.n.k.i.DiagnosticsManager]:  [loader.0] file:/home/pdipietro/.rvm/gems/jruby-1.7.6/gems/neo4j-enterprise-1.9.5-java/lib/neo4j-enterprise/jars/neo4j-udc-1.9.5.jar
2013-11-24 18:28:08.378+0000 INFO  [o.n.k.i.DiagnosticsManager]:  [loader.0] file:/home/pdipietro/.rvm/gems/jruby-1.7.6@global/gems/bouncy-castle-java-1.5.0147/lib/bcprov-jdk15on-147.jar
2013-11-24 18:28:08.379+0000 INFO  [o.n.k.i.DiagnosticsManager]:  [loader.0] file:/home/pdipietro/.rvm/gems/jruby-1.7.6/gems/neo4j-community-1.9.5-java/lib/neo4j-community/jars/lucene-core-3.6.2.jar
2013-11-24 18:28:08.379+0000 INFO  [o.n.k.i.DiagnosticsManager]:  [loader.2] file:/usr/lib/jvm/jdk1.7.0_45/jre/lib/ext/zipfs.jar
2013-11-24 18:28:08.379+0000 INFO  [o.n.k.i.DiagnosticsManager]:  [loader.0] file:/home/pdipietro/.rvm/rubies/jruby-1.7.6/lib/ruby/shared/kryptproviderjdk.jar
2013-11-24 18:28:08.379+0000 INFO  [o.n.k.i.DiagnosticsManager]:  [loader.0] file:/home/pdipietro/.rvm/gems/jruby-1.7.6/gems/neo4j-community-1.9.5-java/lib/neo4j-community/jars/geronimo-jta_1.1_spec-1.1.1.jar
2013-11-24 18:28:08.379+0000 INFO  [o.n.k.i.DiagnosticsManager]:  [loader.0] file:/home/pdipietro/.rvm/gems/jruby-1.7.6/gems/neo4j-enterprise-1.9.5-java/lib/neo4j-enterprise/jars/netty-3.6.3.Final.jar
2013-11-24 18:28:08.379+0000 INFO  [o.n.k.i.DiagnosticsManager]:  [bootstrap] /usr/lib/jvm/jdk1.7.0_45/jre/lib/rt.jar
2013-11-24 18:28:08.379+0000 INFO  [o.n.k.i.DiagnosticsManager]:  [loader.0] file:/home/pdipietro/.rvm/gems/jruby-1.7.6@global/gems/jruby-openssl-0.9.4/lib/jopenssl.jar
2013-11-24 18:28:08.379+0000 INFO  [o.n.k.i.DiagnosticsManager]:  [loader.0] file:/home/pdipietro/.rvm/gems/jruby-1.7.6/gems/neo4j-enterprise-1.9.5-java/lib/neo4j-enterprise/jars/neo4j-consistency-check-1.9.5.jar
2013-11-24 18:28:08.379+0000 INFO  [o.n.k.i.DiagnosticsManager]:  [bootstrap] /usr/lib/jvm/jdk1.7.0_45/jre/lib/jce.jar
2013-11-24 18:28:08.379+0000 INFO  [o.n.k.i.DiagnosticsManager]:  [loader.0] file:/home/pdipietro/.rvm/gems/jruby-1.7.6/gems/neo4j-enterprise-1.9.5-java/lib/neo4j-enterprise/jars/neo4j-backup-1.9.5.jar
2013-11-24 18:28:08.379+0000 INFO  [o.n.k.i.DiagnosticsManager]:  [bootstrap] /usr/lib/jvm/jdk1.7.0_45/jre/lib/resources.jar
2013-11-24 18:28:08.380+0000 INFO  [o.n.k.i.DiagnosticsManager]:  [loader.0] file:/home/pdipietro/.rvm/gems/jruby-1.7.6/gems/neo4j-community-1.9.5-java/lib/neo4j-community/jars/neo4j-graph-matching-1.9.5.jar
2013-11-24 18:28:08.380+0000 INFO  [o.n.k.i.DiagnosticsManager]:  [classpath + loader.1] file:/home/pdipietro/myapp/
2013-11-24 18:28:08.380+0000 INFO  [o.n.k.i.DiagnosticsManager]:  [loader.0] file:/home/pdipietro/.rvm/gems/jruby-1.7.6/gems/neo4j-community-1.9.5-java/lib/neo4j-community/jars/scala-library-2.10.0.jar
2013-11-24 18:28:08.380+0000 INFO  [o.n.k.i.DiagnosticsManager]:  [loader.0] file:/home/pdipietro/.rvm/gems/jruby-1.7.6/gems/neo4j-core-2.3.0-java/lib/neo4j-core/jars/neo4jrb-adaptor.jar
2013-11-24 18:28:08.380+0000 INFO  [o.n.k.i.DiagnosticsManager]:  [bootstrap] /usr/lib/jvm/jdk1.7.0_45/jre/classes
2013-11-24 18:28:08.380+0000 INFO  [o.n.k.i.DiagnosticsManager]:  [loader.2] file:/usr/lib/jvm/jdk1.7.0_45/jre/lib/ext/sunpkcs11.jar
2013-11-24 18:28:08.380+0000 INFO  [o.n.k.i.DiagnosticsManager]:  [loader.0] file:/home/pdipietro/.rvm/gems/jruby-1.7.6/gems/neo4j-enterprise-1.9.5-java/lib/neo4j-enterprise/jars/logback-access-0.9.30.jar
2013-11-24 18:28:08.380+0000 INFO  [o.n.k.i.DiagnosticsManager]:  [loader.0] file:/home/pdipietro/.rvm/gems/jruby-1.7.6/gems/neo4j-community-1.9.5-java/lib/neo4j-community/jars/neo4j-kernel-1.9.5.jar
2013-11-24 18:28:08.380+0000 INFO  [o.n.k.i.DiagnosticsManager]:  [loader.0] file:/home/pdipietro/.rvm/gems/jruby-1.7.6/gems/neo4j-enterprise-1.9.5-java/lib/neo4j-enterprise/jars/logback-classic-0.9.30.jar
2013-11-24 18:28:08.380+0000 INFO  [o.n.k.i.DiagnosticsManager]:  [loader.0] file:/home/pdipietro/.rvm/gems/jruby-1.7.6/gems/neo4j-enterprise-1.9.5-java/lib/neo4j-enterprise/jars/neo4j-ha-1.9.5.jar
2013-11-24 18:28:08.380+0000 INFO  [o.n.k.i.DiagnosticsManager]:  [bootstrap] /home/pdipietro/.rvm/rubies/jruby-1.7.6/lib/jruby.jar
2013-11-24 18:28:08.380+0000 INFO  [o.n.k.i.DiagnosticsManager]:  [bootstrap] /usr/lib/jvm/jdk1.7.0_45/jre/lib/jfr.jar
2013-11-24 18:28:08.381+0000 INFO  [o.n.k.i.DiagnosticsManager]:  [loader.0] file:/home/pdipietro/.rvm/gems/jruby-1.7.6/gems/neo4j-enterprise-1.9.5-java/lib/neo4j-enterprise/jars/neo4j-cluster-1.9.5.jar
2013-11-24 18:28:08.381+0000 INFO  [o.n.k.i.DiagnosticsManager]:  [loader.0] file:/home/pdipietro/.rvm/gems/jruby-1.7.6/gems/neo4j-community-1.9.5-java/lib/neo4j-community/jars/neo4j-udc-1.9.5.jar
2013-11-24 18:28:08.381+0000 INFO  [o.n.k.i.DiagnosticsManager]: Library path:
2013-11-24 18:28:08.381+0000 INFO  [o.n.k.i.DiagnosticsManager]: /usr/java/packages/lib/amd64
2013-11-24 18:28:08.381+0000 INFO  [o.n.k.i.DiagnosticsManager]: /usr/lib64
2013-11-24 18:28:08.381+0000 INFO  [o.n.k.i.DiagnosticsManager]: /lib64
2013-11-24 18:28:08.381+0000 INFO  [o.n.k.i.DiagnosticsManager]: /lib
2013-11-24 18:28:08.381+0000 INFO  [o.n.k.i.DiagnosticsManager]: /usr/lib
2013-11-24 18:28:08.382+0000 INFO  [o.n.k.i.DiagnosticsManager]: System.properties:
2013-11-24 18:28:08.382+0000 INFO  [o.n.k.i.DiagnosticsManager]: jruby.home = /home/pdipietro/.rvm/rubies/jruby-1.7.6
2013-11-24 18:28:08.382+0000 INFO  [o.n.k.i.DiagnosticsManager]: sun.boot.library.path = /usr/lib/jvm/jdk1.7.0_45/jre/lib/amd64
2013-11-24 18:28:08.382+0000 INFO  [o.n.k.i.DiagnosticsManager]: path.separator = :
2013-11-24 18:28:08.382+0000 INFO  [o.n.k.i.DiagnosticsManager]: file.encoding.pkg = sun.io
2013-11-24 18:28:08.382+0000 INFO  [o.n.k.i.DiagnosticsManager]: user.country = US
2013-11-24 18:28:08.382+0000 INFO  [o.n.k.i.DiagnosticsManager]: sun.java.launcher = SUN_STANDARD
2013-11-24 18:28:08.382+0000 INFO  [o.n.k.i.DiagnosticsManager]: sun.os.patch.level = unknown
2013-11-24 18:28:08.382+0000 INFO  [o.n.k.i.DiagnosticsManager]: user.dir = /home/pdipietro/myapp
2013-11-24 18:28:08.382+0000 INFO  [o.n.k.i.DiagnosticsManager]: neo4j.ext.udc.source = neo4rb
2013-11-24 18:28:08.383+0000 INFO  [o.n.k.i.DiagnosticsManager]: jdk.home = 
2013-11-24 18:28:08.383+0000 INFO  [o.n.k.i.DiagnosticsManager]: sun.jnu.encoding = UTF-8
2013-11-24 18:28:08.383+0000 INFO  [o.n.k.i.DiagnosticsManager]: sun.nio.ch.bugLevel = 
2013-11-24 18:28:08.383+0000 INFO  [o.n.k.i.DiagnosticsManager]: sun.management.compiler = HotSpot 64-Bit Tiered Compilers
2013-11-24 18:28:08.383+0000 INFO  [o.n.k.i.DiagnosticsManager]: jffi.boot.library.path = /home/pdipietro/.rvm/rubies/jruby-1.7.6/lib/jni:/home/pdipietro/.rvm/rubies/jruby-1.7.6/lib/jni/arm-Linux:/home/pdipietro/.rvm/rubies/jruby-1.7.6/lib/jni/i386-Linux:/home/pdipietro/.rvm/rubies/jruby-1.7.6/lib/jni/x86_64-Linux
2013-11-24 18:28:08.383+0000 INFO  [o.n.k.i.DiagnosticsManager]: user.home = /home/pdipietro
2013-11-24 18:28:08.383+0000 INFO  [o.n.k.i.DiagnosticsManager]: user.timezone = Europe/Rome
2013-11-24 18:28:08.383+0000 INFO  [o.n.k.i.DiagnosticsManager]: file.encoding = UTF-8
2013-11-24 18:28:08.383+0000 INFO  [o.n.k.i.DiagnosticsManager]: jruby.script = jruby
2013-11-24 18:28:08.384+0000 INFO  [o.n.k.i.DiagnosticsManager]: user.name = pdipietro
2013-11-24 18:28:08.384+0000 INFO  [o.n.k.i.DiagnosticsManager]: jruby.shell = /bin/sh
2013-11-24 18:28:08.384+0000 INFO  [o.n.k.i.DiagnosticsManager]: sun.java.command = org/jruby/Main script/rails s
2013-11-24 18:28:08.384+0000 INFO  [o.n.k.i.DiagnosticsManager]: sun.arch.data.model = 64
2013-11-24 18:28:08.384+0000 INFO  [o.n.k.i.DiagnosticsManager]: user.language = en
2013-11-24 18:28:08.384+0000 INFO  [o.n.k.i.DiagnosticsManager]: awt.toolkit = sun.awt.X11.XToolkit
2013-11-24 18:28:08.384+0000 INFO  [o.n.k.i.DiagnosticsManager]: file.separator = /
2013-11-24 18:28:08.384+0000 INFO  [o.n.k.i.DiagnosticsManager]: sun.io.unicode.encoding = UnicodeLittle
2013-11-24 18:28:08.384+0000 INFO  [o.n.k.i.DiagnosticsManager]: sun.cpu.endian = little
2013-11-24 18:28:08.385+0000 INFO  [o.n.k.i.DiagnosticsManager]: sun.desktop = gnome
2013-11-24 18:28:08.385+0000 INFO  [o.n.k.i.DiagnosticsManager]: sun.cpu.isalist = 
2013-11-24 18:28:08.385+0000 INFO  [o.n.k.i.DiagnosticsManager]: Linux scheduler information:
2013-11-24 18:28:08.386+0000 INFO  [o.n.k.i.DiagnosticsManager]: noop [deadline] cfq 
2013-11-24 18:28:08.386+0000 INFO  [o.n.k.i.DiagnosticsManager]: noop [deadline] cfq 
2013-11-24 18:28:08.386+0000 INFO  [o.n.k.i.DiagnosticsManager]: noop [deadline] cfq 
2013-11-24 18:28:08.386+0000 INFO  [o.n.k.i.DiagnosticsManager]: none
2013-11-24 18:28:08.386+0000 INFO  [o.n.k.i.DiagnosticsManager]: none
2013-11-24 18:28:08.387+0000 INFO  [o.n.k.i.DiagnosticsManager]: none
2013-11-24 18:28:08.387+0000 INFO  [o.n.k.i.DiagnosticsManager]: none
2013-11-24 18:28:08.387+0000 INFO  [o.n.k.i.DiagnosticsManager]: none
2013-11-24 18:28:08.387+0000 INFO  [o.n.k.i.DiagnosticsManager]: none
2013-11-24 18:28:08.387+0000 INFO  [o.n.k.i.DiagnosticsManager]: none
2013-11-24 18:28:08.388+0000 INFO  [o.n.k.i.DiagnosticsManager]: none
2013-11-24 18:28:08.388+0000 INFO  [o.n.k.i.DiagnosticsManager]: none
2013-11-24 18:28:08.388+0000 INFO  [o.n.k.i.DiagnosticsManager]: none
2013-11-24 18:28:08.388+0000 INFO  [o.n.k.i.DiagnosticsManager]: none
2013-11-24 18:28:08.389+0000 INFO  [o.n.k.i.DiagnosticsManager]: none
2013-11-24 18:28:08.389+0000 INFO  [o.n.k.i.DiagnosticsManager]: none
2013-11-24 18:28:08.389+0000 INFO  [o.n.k.i.DiagnosticsManager]: none
2013-11-24 18:28:08.389+0000 INFO  [o.n.k.i.DiagnosticsManager]: none
2013-11-24 18:28:08.389+0000 INFO  [o.n.k.i.DiagnosticsManager]: none
2013-11-24 18:28:08.390+0000 INFO  [o.n.k.i.DiagnosticsManager]: none
2013-11-24 18:28:08.390+0000 INFO  [o.n.k.i.DiagnosticsManager]: none
2013-11-24 18:28:08.390+0000 INFO  [o.n.k.i.DiagnosticsManager]: none
2013-11-24 18:28:08.390+0000 INFO  [o.n.k.i.DiagnosticsManager]: none
2013-11-24 18:28:08.390+0000 INFO  [o.n.k.i.DiagnosticsManager]: none
2013-11-24 18:28:08.390+0000 INFO  [o.n.k.i.DiagnosticsManager]: none
2013-11-24 18:28:08.391+0000 INFO  [o.n.k.i.DiagnosticsManager]: none
2013-11-24 18:28:08.391+0000 INFO  [o.n.k.i.DiagnosticsManager]: none
2013-11-24 18:28:08.391+0000 INFO  [o.n.k.i.DiagnosticsManager]: Network information:
2013-11-24 18:28:08.391+0000 INFO  [o.n.k.i.DiagnosticsManager]: Interface eth0:
2013-11-24 18:28:08.392+0000 INFO  [o.n.k.i.DiagnosticsManager]:     address: fe80:0:0:0:20c:29ff:fe03:b624%2
2013-11-24 18:28:08.392+0000 INFO  [o.n.k.i.DiagnosticsManager]:     address: 192.168.10.81
2013-11-24 18:28:08.392+0000 INFO  [o.n.k.i.DiagnosticsManager]: Interface lo:
2013-11-24 18:28:08.392+0000 INFO  [o.n.k.i.DiagnosticsManager]:     address: 0:0:0:0:0:0:0:1%1
2013-11-24 18:28:08.392+0000 INFO  [o.n.k.i.DiagnosticsManager]:     address: 127.0.0.1
2013-11-24 18:28:08.392+0000 INFO  [o.n.k.i.DiagnosticsManager]: --- INITIALIZED diagnostics END ---
2013-11-24 18:28:08.442+0000 INFO  [o.n.k.i.n.s.StoreFactory]: /home/pdipietro/myapp/db/ha_neo_1/temp-copy/neostore.relationshiptypestore.db.names non clean shutdown detected
2013-11-24 18:28:08.442+0000 INFO  [o.n.k.i.n.s.StoreFactory]: [/home/pdipietro/myapp/db/ha_neo_1/temp-copy/neostore.relationshiptypestore.db.names] brickCount=0 brickSize=0b mappedMem=0b (storeSize=114b)
2013-11-24 18:28:08.443+0000 INFO  [o.n.k.i.n.s.StoreFactory]: /home/pdipietro/myapp/db/ha_neo_1/temp-copy/neostore.relationshiptypestore.db non clean shutdown detected
2013-11-24 18:28:08.443+0000 INFO  [o.n.k.i.n.s.StoreFactory]: [/home/pdipietro/myapp/db/ha_neo_1/temp-copy/neostore.relationshiptypestore.db] brickCount=0 brickSize=0b mappedMem=0b (storeSize=10b)
2013-11-24 18:28:08.444+0000 INFO  [o.n.k.i.n.s.StoreFactory]: /home/pdipietro/myapp/db/ha_neo_1/temp-copy/neostore.propertystore.db.strings non clean shutdown detected
2013-11-24 18:28:08.444+0000 INFO  [o.n.k.i.n.s.StoreFactory]: [/home/pdipietro/myapp/db/ha_neo_1/temp-copy/neostore.propertystore.db.strings] brickCount=0 brickSize=1445888b mappedMem=1445986304b (storeSize=128b)
2013-11-24 18:28:08.445+0000 INFO  [o.n.k.i.n.s.StoreFactory]: /home/pdipietro/myapp/db/ha_neo_1/temp-copy/neostore.propertystore.db.index.keys non clean shutdown detected
2013-11-24 18:28:08.446+0000 INFO  [o.n.k.i.n.s.StoreFactory]: [/home/pdipietro/myapp/db/ha_neo_1/temp-copy/neostore.propertystore.db.index.keys] brickCount=0 brickSize=0b mappedMem=0b (storeSize=190b)
2013-11-24 18:28:08.446+0000 INFO  [o.n.k.i.n.s.StoreFactory]: /home/pdipietro/myapp/db/ha_neo_1/temp-copy/neostore.propertystore.db.index non clean shutdown detected
2013-11-24 18:28:08.446+0000 INFO  [o.n.k.i.n.s.StoreFactory]: [/home/pdipietro/myapp/db/ha_neo_1/temp-copy/neostore.propertystore.db.index] brickCount=0 brickSize=0b mappedMem=0b (storeSize=36b)
2013-11-24 18:28:08.447+0000 INFO  [o.n.k.i.n.s.StoreFactory]: /home/pdipietro/myapp/db/ha_neo_1/temp-copy/neostore.propertystore.db.arrays non clean shutdown detected
2013-11-24 18:28:08.447+0000 INFO  [o.n.k.i.n.s.StoreFactory]: [/home/pdipietro/myapp/db/ha_neo_1/temp-copy/neostore.propertystore.db.arrays] brickCount=0 brickSize=1638912b mappedMem=1638924288b (storeSize=128b)
2013-11-24 18:28:08.458+0000 INFO  [o.n.k.i.n.s.StoreFactory]: /home/pdipietro/myapp/db/ha_neo_1/temp-copy/neostore.propertystore.db non clean shutdown detected
2013-11-24 18:28:08.459+0000 INFO  [o.n.k.i.n.s.StoreFactory]: [/home/pdipietro/myapp/db/ha_neo_1/temp-copy/neostore.propertystore.db] brickCount=10 brickSize=1701828b mappedMem=1701838848b (storeSize=17018362b)
2013-11-24 18:28:08.459+0000 INFO  [o.n.k.i.n.s.StoreFactory]: /home/pdipietro/myapp/db/ha_neo_1/temp-copy/neostore.relationshipstore.db non clean shutdown detected
2013-11-24 18:28:08.460+0000 INFO  [o.n.k.i.n.s.StoreFactory]: [/home/pdipietro/myapp/db/ha_neo_1/temp-copy/neostore.relationshipstore.db] brickCount=10 brickSize=2084544b mappedMem=2084569088b (storeSize=20845671b)
2013-11-24 18:28:08.460+0000 INFO  [o.n.k.i.n.s.StoreFactory]: /home/pdipietro/myapp/db/ha_neo_1/temp-copy/neostore.nodestore.db non clean shutdown detected
2013-11-24 18:28:08.460+0000 INFO  [o.n.k.i.n.s.StoreFactory]: [/home/pdipietro/myapp/db/ha_neo_1/temp-copy/neostore.nodestore.db] brickCount=1 brickSize=471852b mappedMem=471859200b (storeSize=471852b)
2013-11-24 18:28:08.461+0000 INFO  [o.n.k.i.n.s.StoreFactory]: /home/pdipietro/myapp/db/ha_neo_1/temp-copy/neostore non clean shutdown detected
2013-11-24 18:28:08.462+0000 INFO  [o.n.k.i.n.s.StoreFactory]: [/home/pdipietro/myapp/db/ha_neo_1/temp-copy/neostore] brickCount=0 brickSize=0b mappedMem=0b (storeSize=54b)
2013-11-24 18:28:08.462+0000 INFO  [o.n.k.i.t.x.XaLogicalLog]: Opened logical log [/home/pdipietro/myapp/db/ha_neo_1/temp-copy/nioneo_logical.log.1] version=2, lastTxId=9 (clean)
2013-11-24 18:28:08.472+0000 INFO  [o.n.k.i.n.s.StoreFactory]: /home/pdipietro/myapp/db/ha_neo_1/temp-copy/neostore.relationshiptypestore.db.names rebuild id generator, highId=3 defragged count=0
2013-11-24 18:28:08.486+0000 INFO  [o.n.k.i.n.s.StoreFactory]: /home/pdipietro/myapp/db/ha_neo_1/temp-copy/neostore.propertystore.db.index.keys rebuild id generator, highId=5 defragged count=0
2013-11-24 18:28:08.496+0000 INFO  [o.n.k.i.n.s.StoreFactory]: /home/pdipietro/myapp/db/ha_neo_1/temp-copy/neostore.propertystore.db.index rebuild id generator, highId=4 defragged count=0
2013-11-24 18:28:08.501+0000 INFO  [o.n.k.i.n.s.StoreFactory]: /home/pdipietro/myapp/db/ha_neo_1/temp-copy/neostore.propertystore.db.strings rebuild id generator, highId=1 defragged count=0
2013-11-24 18:28:08.512+0000 INFO  [o.n.k.i.n.s.StoreFactory]: /home/pdipietro/myapp/db/ha_neo_1/temp-copy/neostore.propertystore.db.arrays rebuild id generator, highId=1 defragged count=0
2013-11-24 18:28:09.900+0000 INFO  [o.n.k.i.n.s.StoreFactory]: /home/pdipietro/myapp/db/ha_neo_1/temp-copy/neostore.propertystore.db rebuild id generator, highId=3 defragged count=0
2013-11-24 18:28:11.263+0000 INFO  [o.n.k.i.n.s.StoreFactory]: /home/pdipietro/myapp/db/ha_neo_1/temp-copy/neostore.relationshipstore.db rebuild id generator, highId=2 defragged count=0
2013-11-24 18:28:11.414+0000 INFO  [o.n.k.i.n.s.StoreFactory]: /home/pdipietro/myapp/db/ha_neo_1/temp-copy/neostore.nodestore.db rebuild id generator, highId=4 defragged count=0
2013-11-24 18:28:11.419+0000 INFO  [o.n.k.i.n.s.StoreFactory]: /home/pdipietro/myapp/db/ha_neo_1/temp-copy/neostore rebuild id generator, highId=6 defragged count=0
2013-11-24 18:28:11.423+0000 INFO  [o.n.k.i.t.TxManager]: TM new log: tm_tx_log.1
2013-11-24 18:28:11.455+0000 INFO  [o.n.b.BackupServer]: BackupServer communication server started and bound to 0.0.0.0/0.0.0.0:6363
2013-11-24 18:28:11.456+0000 INFO  [o.n.k.i.t.x.XaLogicalLog]: Opened logical log [/home/pdipietro/myapp/db/ha_neo_1/temp-copy/index/lucene.log.1] version=2, lastTxId=1 (clean)
2013-11-24 18:28:11.465+0000 INFO  [o.n.k.i.DiagnosticsManager]: --- STARTED diagnostics for KernelDiagnostics:Versions START ---
2013-11-24 18:28:11.466+0000 INFO  [o.n.k.i.DiagnosticsManager]: Graph Database: org.neo4j.kernel.EmbeddedGraphDatabase StoreId[time:1385317330536, id:411980207311497188, store version: 13561656364791302]
2013-11-24 18:28:11.466+0000 INFO  [o.n.k.i.DiagnosticsManager]: Kernel version: Neo4j - Graph Database Kernel 1.9.5
2013-11-24 18:28:11.466+0000 INFO  [o.n.k.i.DiagnosticsManager]: Neo4j component versions:
2013-11-24 18:28:11.468+0000 INFO  [o.n.k.i.DiagnosticsManager]:   Neo4j - Graph Database Kernel 1.9.5
2013-11-24 18:28:11.469+0000 INFO  [o.n.k.i.DiagnosticsManager]: --- STARTED diagnostics for KernelDiagnostics:Versions END ---
2013-11-24 18:28:11.473+0000 INFO  [o.n.k.i.DiagnosticsManager]: --- STARTED diagnostics for NEO_STORE_VERSIONS START ---
2013-11-24 18:28:11.474+0000 INFO  [o.n.k.i.DiagnosticsManager]: Store versions:
2013-11-24 18:28:11.474+0000 INFO  [o.n.k.i.DiagnosticsManager]: Store versions:
2013-11-24 18:28:11.474+0000 INFO  [o.n.k.i.DiagnosticsManager]:   NeoStore v0.A.0
2013-11-24 18:28:11.474+0000 INFO  [o.n.k.i.DiagnosticsManager]:   NodeStore v0.A.0
2013-11-24 18:28:11.474+0000 INFO  [o.n.k.i.DiagnosticsManager]:   RelationshipStore v0.A.0
2013-11-24 18:28:11.474+0000 INFO  [o.n.k.i.DiagnosticsManager]:   RelationshipTypeStore v0.A.0
2013-11-24 18:28:11.474+0000 INFO  [o.n.k.i.DiagnosticsManager]:   PropertyStore v0.A.0
2013-11-24 18:28:11.474+0000 INFO  [o.n.k.i.DiagnosticsManager]:   PropertyIndexStore v0.A.0
2013-11-24 18:28:11.474+0000 INFO  [o.n.k.i.DiagnosticsManager]:   StringPropertyStore v0.A.0
2013-11-24 18:28:11.474+0000 INFO  [o.n.k.i.DiagnosticsManager]:   ArrayPropertyStore v0.A.0
2013-11-24 18:28:11.475+0000 INFO  [o.n.k.i.DiagnosticsManager]: --- STARTED diagnostics for NEO_STORE_VERSIONS END ---
2013-11-24 18:28:11.475+0000 INFO  [o.n.k.i.DiagnosticsManager]: --- STARTED diagnostics for NEO_STORE_ID_USAGE START ---
2013-11-24 18:28:11.475+0000 INFO  [o.n.k.i.DiagnosticsManager]: Id usage:
2013-11-24 18:28:11.475+0000 INFO  [o.n.k.i.DiagnosticsManager]: Id usage:
2013-11-24 18:28:11.475+0000 INFO  [o.n.k.i.DiagnosticsManager]:   NodeStore: used=52428 high=52427
2013-11-24 18:28:11.475+0000 INFO  [o.n.k.i.DiagnosticsManager]:   RelationshipStore: used=631687 high=631686
2013-11-24 18:28:11.476+0000 INFO  [o.n.k.i.DiagnosticsManager]:   RelationshipTypeStore: used=2 high=1
2013-11-24 18:28:11.476+0000 INFO  [o.n.k.i.DiagnosticsManager]:   PropertyStore: used=415082 high=415081
2013-11-24 18:28:11.476+0000 INFO  [o.n.k.i.DiagnosticsManager]:   PropertyIndexStore: used=4 high=3
2013-11-24 18:28:11.476+0000 INFO  [o.n.k.i.DiagnosticsManager]:   StringPropertyStore: used=1 high=0
2013-11-24 18:28:11.477+0000 INFO  [o.n.k.i.DiagnosticsManager]:   ArrayPropertyStore: used=1 high=0
2013-11-24 18:28:11.477+0000 INFO  [o.n.k.i.DiagnosticsManager]: --- STARTED diagnostics for NEO_STORE_ID_USAGE END ---
2013-11-24 18:28:11.477+0000 INFO  [o.n.k.i.DiagnosticsManager]: --- STARTED diagnostics for PERSISTENCE_WINDOW_POOL_STATS START ---
2013-11-24 18:28:11.477+0000 INFO  [o.n.k.i.DiagnosticsManager]: --- STARTED diagnostics for PERSISTENCE_WINDOW_POOL_STATS END ---
2013-11-24 18:28:11.477+0000 INFO  [o.n.k.i.DiagnosticsManager]: --- STARTED diagnostics for KernelDiagnostics:StoreFiles START ---
2013-11-24 18:28:11.478+0000 INFO  [o.n.k.i.DiagnosticsManager]: Disk space on partition (Total / Free / Free %): 25230176256 / 19538751488 / 77
Storage files: (filename : modification date - size)
2013-11-24 18:28:11.479+0000 INFO  [o.n.k.i.DiagnosticsManager]:   nioneo_logical.log.v0: 2013-11-24T19:28:07+0100 - 987.00 B
2013-11-24 18:28:11.480+0000 INFO  [o.n.k.i.DiagnosticsManager]:   neostore.propertystore.db.index.id: 2013-11-24T19:28:08+0100 - 9.00 B
2013-11-24 18:28:11.480+0000 INFO  [o.n.k.i.DiagnosticsManager]:   neostore.propertystore.db.index: 2013-11-24T19:28:07+0100 - 36.00 B
2013-11-24 18:28:11.481+0000 INFO  [o.n.k.i.DiagnosticsManager]:   neostore.propertystore.db.index.keys: 2013-11-24T19:28:07+0100 - 190.00 B
2013-11-24 18:28:11.482+0000 INFO  [o.n.k.i.DiagnosticsManager]:   tm_tx_log.1: 2013-11-24T19:28:11+0100 - 0.00 B
2013-11-24 18:28:11.482+0000 INFO  [o.n.k.i.DiagnosticsManager]:   lock: 2013-11-24T19:28:08+0100 - 0.00 B
2013-11-24 18:28:11.483+0000 INFO  [o.n.k.i.DiagnosticsManager]:   neostore.propertystore.db.arrays.id: 2013-11-24T19:28:08+0100 - 9.00 B
2013-11-24 18:28:11.483+0000 INFO  [o.n.k.i.DiagnosticsManager]:   neostore.nodestore.db.id: 2013-11-24T19:28:11+0100 - 9.00 B
2013-11-24 18:28:11.484+0000 INFO  [o.n.k.i.DiagnosticsManager]:   nioneo_logical.log.1: 2013-11-24T19:28:08+0100 - 16.00 B
2013-11-24 18:28:11.485+0000 INFO  [o.n.k.i.DiagnosticsManager]:   neostore.relationshiptypestore.db.names: 2013-11-24T19:28:07+0100 - 114.00 B
2013-11-24 18:28:11.486+0000 INFO  [o.n.k.i.DiagnosticsManager]:   neostore.propertystore.db: 2013-11-24T19:28:08+0100 - 16.23 MB
2013-11-24 18:28:11.486+0000 INFO  [o.n.k.i.DiagnosticsManager]:   nioneo_logical.log.active: 2013-11-24T19:28:08+0100 - 4.00 B
2013-11-24 18:28:11.486+0000 INFO  [o.n.k.i.DiagnosticsManager]:   neostore.relationshiptypestore.db.names.id: 2013-11-24T19:28:08+0100 - 9.00 B
2013-11-24 18:28:11.487+0000 INFO  [o.n.k.i.DiagnosticsManager]:   neostore: 2013-11-24T19:28:08+0100 - 54.00 B
2013-11-24 18:28:11.487+0000 INFO  [o.n.k.i.DiagnosticsManager]:   active_tx_log: 2013-11-24T19:28:11+0100 - 11.00 B
2013-11-24 18:28:11.487+0000 INFO  [o.n.k.i.DiagnosticsManager]:   neostore.propertystore.db.strings: 2013-11-24T19:28:08+0100 - 128.00 B
2013-11-24 18:28:11.488+0000 INFO  [o.n.k.i.DiagnosticsManager]:   neostore.propertystore.db.arrays: 2013-11-24T19:28:08+0100 - 128.00 B
2013-11-24 18:28:11.488+0000 INFO  [o.n.k.i.DiagnosticsManager]:   store_lock: 2013-11-24T19:28:08+0100 - 0.00 B
2013-11-24 18:28:11.488+0000 INFO  [o.n.k.i.DiagnosticsManager]:   neostore.relationshiptypestore.db: 2013-11-24T19:28:08+0100 - 10.00 B
2013-11-24 18:28:11.489+0000 INFO  [o.n.k.i.DiagnosticsManager]:   neostore.propertystore.db.id: 2013-11-24T19:28:09+0100 - 9.00 B
2013-11-24 18:28:11.489+0000 INFO  [o.n.k.i.DiagnosticsManager]:   neostore.propertystore.db.strings.id: 2013-11-24T19:28:08+0100 - 9.00 B
2013-11-24 18:28:11.490+0000 INFO  [o.n.k.i.DiagnosticsManager]:   neostore.relationshipstore.db: 2013-11-24T19:28:08+0100 - 19.88 MB
2013-11-24 18:28:11.490+0000 INFO  [o.n.k.i.DiagnosticsManager]:   messages.log: 2013-11-24T19:28:11+0100 - 33.06 kB
2013-11-24 18:28:11.490+0000 INFO  [o.n.k.i.DiagnosticsManager]:   nioneo_logical.log.v1: 2013-11-24T19:28:08+0100 - 783.00 B
2013-11-24 18:28:11.491+0000 INFO  [o.n.k.i.DiagnosticsManager]:   neostore.propertystore.db.index.keys.id: 2013-11-24T19:28:08+0100 - 9.00 B
2013-11-24 18:28:11.491+0000 INFO  [o.n.k.i.DiagnosticsManager]:   neostore.relationshiptypestore.db.id: 2013-11-24T19:28:08+0100 - 9.00 B
2013-11-24 18:28:11.491+0000 INFO  [o.n.k.i.DiagnosticsManager]:   neostore.id: 2013-11-24T19:28:11+0100 - 9.00 B
2013-11-24 18:28:11.492+0000 INFO  [o.n.k.i.DiagnosticsManager]:   neostore.nodestore.db: 2013-11-24T19:28:08+0100 - 460.79 kB
2013-11-24 18:28:11.492+0000 INFO  [o.n.k.i.DiagnosticsManager]:   neostore.relationshipstore.db.id: 2013-11-24T19:28:11+0100 - 9.00 B
2013-11-24 18:28:11.492+0000 INFO  [o.n.k.i.DiagnosticsManager]:   index:
2013-11-24 18:28:11.493+0000 INFO  [o.n.k.i.DiagnosticsManager]:     lucene-store.db: 2013-11-24T19:28:07+0100 - 40.00 B
2013-11-24 18:28:11.493+0000 INFO  [o.n.k.i.DiagnosticsManager]:     lucene.log.1: 2013-11-24T19:28:11+0100 - 16.00 B
2013-11-24 18:28:11.494+0000 INFO  [o.n.k.i.DiagnosticsManager]:     lucene.log.active: 2013-11-24T19:28:11+0100 - 4.00 B
2013-11-24 18:28:11.494+0000 INFO  [o.n.k.i.DiagnosticsManager]:   - Total: 2013-11-24T19:28:11+0100 - 60.00 B
2013-11-24 18:28:11.494+0000 INFO  [o.n.k.i.DiagnosticsManager]: --- STARTED diagnostics for KernelDiagnostics:StoreFiles END ---
2013-11-24 18:28:11.495+0000 INFO  [o.n.k.EmbeddedGraphDatabase]: GC Monitor started. 
2013-11-24 18:28:11.500+0000 INFO  [o.n.k.EmbeddedGraphDatabase]: Database is now ready
2013-11-24 18:28:11.507+0000 INFO  [o.n.k.EmbeddedGraphDatabase]: Shutdown started
2013-11-24 18:28:11.508+0000 INFO  [o.n.k.EmbeddedGraphDatabase]: Database is no longer ready
2013-11-24 18:28:11.508+0000 INFO  [o.n.k.EmbeddedGraphDatabase]: GC Monitor stopped. 
2013-11-24 18:28:11.515+0000 INFO  [o.n.k.i.t.x.XaLogicalLog]: Closed log /home/pdipietro/myapp/db/ha_neo_1/temp-copy/index/lucene.log
2013-11-24 18:28:11.528+0000 INFO  [o.n.k.i.t.TxManager]: TM shutting down
2013-11-24 18:28:12.774+0000 INFO  [o.n.k.i.t.x.XaLogicalLog]: Closed log /home/pdipietro/myapp/db/ha_neo_1/temp-copy/nioneo_logical.log
2013-11-24 18:28:12.775+0000 INFO  [o.n.k.i.n.s.StoreFactory]: /home/pdipietro/myapp/db/ha_neo_1/temp-copy/neostore.relationshiptypestore.db.names hit=0 miss=4 switches=0 ooe=0
2013-11-24 18:28:12.783+0000 INFO  [o.n.k.i.n.s.StoreFactory]: /home/pdipietro/myapp/db/ha_neo_1/temp-copy/neostore.relationshiptypestore.db hit=0 miss=2 switches=0 ooe=0
2013-11-24 18:28:12.791+0000 INFO  [o.n.k.i.n.s.StoreFactory]: /home/pdipietro/myapp/db/ha_neo_1/temp-copy/neostore.propertystore.db.strings hit=0 miss=0 switches=0 ooe=0
2013-11-24 18:28:12.795+0000 INFO  [o.n.k.i.n.s.StoreFactory]: /home/pdipietro/myapp/db/ha_neo_1/temp-copy/neostore.propertystore.db.index.keys hit=0 miss=8 switches=0 ooe=0
2013-11-24 18:28:12.804+0000 INFO  [o.n.k.i.n.s.StoreFactory]: /home/pdipietro/myapp/db/ha_neo_1/temp-copy/neostore.propertystore.db.index hit=0 miss=4 switches=0 ooe=0
2013-11-24 18:28:12.817+0000 INFO  [o.n.k.i.n.s.StoreFactory]: /home/pdipietro/myapp/db/ha_neo_1/temp-copy/neostore.propertystore.db.arrays hit=0 miss=0 switches=0 ooe=0
2013-11-24 18:28:12.827+0000 INFO  [o.n.k.i.n.s.StoreFactory]: /home/pdipietro/myapp/db/ha_neo_1/temp-copy/neostore.propertystore.db hit=0 miss=0 switches=0 ooe=0
2013-11-24 18:28:12.835+0000 INFO  [o.n.k.i.n.s.StoreFactory]: /home/pdipietro/myapp/db/ha_neo_1/temp-copy/neostore.relationshipstore.db hit=0 miss=0 switches=0 ooe=0
2013-11-24 18:28:12.846+0000 INFO  [o.n.k.i.n.s.StoreFactory]: /home/pdipietro/myapp/db/ha_neo_1/temp-copy/neostore.nodestore.db hit=0 miss=0 switches=0 ooe=0
2013-11-24 18:28:12.855+0000 INFO  [o.n.k.i.n.s.StoreFactory]: /home/pdipietro/myapp/db/ha_neo_1/temp-copy/neostore hit=0 miss=16 switches=0 ooe=0
2013-11-24 18:28:12.867+0000 INFO  [o.n.k.i.n.x.NeoStoreXaDataSource]: NeoStore closed
2013-11-24 18:28:12.867+0000 INFO  [o.n.k.i.DiagnosticsManager]: --- STOPPING diagnostics START ---
2013-11-24 18:28:12.868+0000 INFO  [o.n.k.i.DiagnosticsManager]: --- STOPPING diagnostics END ---
